[0.427s] DEBUG:colcon:Command line arguments: ['/usr/bin/colcon', 'build']
[0.427s] DEBUG:colcon:Parsed command line arguments: Namespace(log_base=None, log_level=None, verb_name='build', build_base='build', install_base='install', merge_install=False, symlink_install=False, test_result_base=None, continue_on_error=False, executor='parallel', parallel_workers=12, event_handlers=None, ignore_user_meta=False, metas=['./colcon.meta'], base_paths=['.'], packages_ignore=None, packages_ignore_regex=None, paths=None, packages_up_to=None, packages_up_to_regex=None, packages_above=None, packages_above_and_dependencies=None, packages_above_depth=None, packages_select_by_dep=None, packages_skip_by_dep=None, packages_skip_up_to=None, packages_select_build_failed=False, packages_skip_build_finished=False, packages_select_test_failures=False, packages_skip_test_passed=False, packages_select=None, packages_skip=None, packages_select_regex=None, packages_skip_regex=None, packages_start=None, packages_end=None, allow_overriding=[], cmake_args=None, cmake_target=None, cmake_target_skip_unavailable=False, cmake_clean_cache=False, cmake_clean_first=False, cmake_force_configure=False, ament_cmake_args=None, catkin_cmake_args=None, catkin_skip_building_tests=False, verb_parser=<colcon_defaults.argument_parser.defaults.DefaultArgumentsDecorator object at 0x7454b4a32e90>, verb_extension=<colcon_core.verb.build.BuildVerb object at 0x7454b4a32980>, main=<bound method BuildVerb.main of <colcon_core.verb.build.BuildVerb object at 0x7454b4a32980>>)
[0.693s] Level 1:colcon.colcon_core.package_discovery:discover_packages(colcon_meta) check parameters
[0.693s] Level 1:colcon.colcon_core.package_discovery:discover_packages(recursive) check parameters
[0.693s] Level 1:colcon.colcon_core.package_discovery:discover_packages(ignore) check parameters
[0.693s] Level 1:colcon.colcon_core.package_discovery:discover_packages(path) check parameters
[0.693s] Level 1:colcon.colcon_core.package_discovery:discover_packages(colcon_meta) discover
[0.693s] Level 1:colcon.colcon_core.package_discovery:discover_packages(recursive) discover
[0.694s] INFO:colcon.colcon_core.package_discovery:Crawling recursively for packages in '/home/rajasbhatnagar/projects/warehouse_amr_ros2/ros2_ws'
[0.694s] Level 1:colcon.colcon_core.package_identification:_identify(.) by extensions ['ignore', 'ignore_ament_install']
[0.694s] Level 1:colcon.colcon_core.package_identification:_identify(.) by extension 'ignore'
[0.694s] Level 1:colcon.colcon_core.package_identification:_identify(.) by extension 'ignore_ament_install'
[0.694s] Level 1:colcon.colcon_core.package_identification:_identify(.) by extensions ['colcon_pkg']
[0.694s] Level 1:colcon.colcon_core.package_identification:_identify(.) by extension 'colcon_pkg'
[0.694s] Level 1:colcon.colcon_core.package_identification:_identify(.) by extensions ['colcon_meta']
[0.694s] Level 1:colcon.colcon_core.package_identification:_identify(.) by extension 'colcon_meta'
[0.694s] Level 1:colcon.colcon_core.package_identification:_identify(.) by extensions ['ros']
[0.694s] Level 1:colcon.colcon_core.package_identification:_identify(.) by extension 'ros'
[0.708s] Level 1:colcon.colcon_core.package_identification:_identify(.) by extensions ['cmake', 'python']
[0.708s] Level 1:colcon.colcon_core.package_identification:_identify(.) by extension 'cmake'
[0.708s] Level 1:colcon.colcon_core.package_identification:_identify(.) by extension 'python'
[0.708s] Level 1:colcon.colcon_core.package_identification:_identify(.) by extensions ['python_setup_py']
[0.708s] Level 1:colcon.colcon_core.package_identification:_identify(.) by extension 'python_setup_py'
[0.708s] Level 1:colcon.colcon_core.package_identification:_identify(build) by extensions ['ignore', 'ignore_ament_install']
[0.708s] Level 1:colcon.colcon_core.package_identification:_identify(build) by extension 'ignore'
[0.708s] Level 1:colcon.colcon_core.package_identification:_identify(build) ignored
[0.708s] Level 1:colcon.colcon_core.package_identification:_identify(install) by extensions ['ignore', 'ignore_ament_install']
[0.708s] Level 1:colcon.colcon_core.package_identification:_identify(install) by extension 'ignore'
[0.708s] Level 1:colcon.colcon_core.package_identification:_identify(install) ignored
[0.708s] Level 1:colcon.colcon_core.package_identification:_identify(log) by extensions ['ignore', 'ignore_ament_install']
[0.708s] Level 1:colcon.colcon_core.package_identification:_identify(log) by extension 'ignore'
[0.708s] Level 1:colcon.colcon_core.package_identification:_identify(log) ignored
[0.708s] Level 1:colcon.colcon_core.package_identification:_identify(src) by extensions ['ignore', 'ignore_ament_install']
[0.709s] Level 1:colcon.colcon_core.package_identification:_identify(src) by extension 'ignore'
[0.709s] Level 1:colcon.colcon_core.package_identification:_identify(src) by extension 'ignore_ament_install'
[0.709s] Level 1:colcon.colcon_core.package_identification:_identify(src) by extensions ['colcon_pkg']
[0.709s] Level 1:colcon.colcon_core.package_identification:_identify(src) by extension 'colcon_pkg'
[0.709s] Level 1:colcon.colcon_core.package_identification:_identify(src) by extensions ['colcon_meta']
[0.709s] Level 1:colcon.colcon_core.package_identification:_identify(src) by extension 'colcon_meta'
[0.709s] Level 1:colcon.colcon_core.package_identification:_identify(src) by extensions ['ros']
[0.709s] Level 1:colcon.colcon_core.package_identification:_identify(src) by extension 'ros'
[0.709s] Level 1:colcon.colcon_core.package_identification:_identify(src) by extensions ['cmake', 'python']
[0.709s] Level 1:colcon.colcon_core.package_identification:_identify(src) by extension 'cmake'
[0.709s] Level 1:colcon.colcon_core.package_identification:_identify(src) by extension 'python'
[0.709s] Level 1:colcon.colcon_core.package_identification:_identify(src) by extensions ['python_setup_py']
[0.709s] Level 1:colcon.colcon_core.package_identification:_identify(src) by extension 'python_setup_py'
[0.709s] Level 1:colcon.colcon_core.package_identification:_identify(src/tf2_demo_cpp) by extensions ['ignore', 'ignore_ament_install']
[0.709s] Level 1:colcon.colcon_core.package_identification:_identify(src/tf2_demo_cpp) by extension 'ignore'
[0.709s] Level 1:colcon.colcon_core.package_identification:_identify(src/tf2_demo_cpp) by extension 'ignore_ament_install'
[0.710s] Level 1:colcon.colcon_core.package_identification:_identify(src/tf2_demo_cpp) by extensions ['colcon_pkg']
[0.710s] Level 1:colcon.colcon_core.package_identification:_identify(src/tf2_demo_cpp) by extension 'colcon_pkg'
[0.710s] Level 1:colcon.colcon_core.package_identification:_identify(src/tf2_demo_cpp) by extensions ['colcon_meta']
[0.710s] Level 1:colcon.colcon_core.package_identification:_identify(src/tf2_demo_cpp) by extension 'colcon_meta'
[0.710s] Level 1:colcon.colcon_core.package_identification:_identify(src/tf2_demo_cpp) by extensions ['ros']
[0.710s] Level 1:colcon.colcon_core.package_identification:_identify(src/tf2_demo_cpp) by extension 'ros'
[0.713s] DEBUG:colcon.colcon_core.package_identification:Package 'src/tf2_demo_cpp' with type 'ros.ament_cmake' and name 'tf2_demo_cpp'
[0.713s] Level 1:colcon.colcon_core.package_discovery:discover_packages(recursive) using defaults
[0.713s] Level 1:colcon.colcon_core.package_discovery:discover_packages(ignore) discover
[0.713s] Level 1:colcon.colcon_core.package_discovery:discover_packages(ignore) using defaults
[0.713s] Level 1:colcon.colcon_core.package_discovery:discover_packages(path) discover
[0.713s] Level 1:colcon.colcon_core.package_discovery:discover_packages(path) using defaults
[0.738s] Level 1:colcon.colcon_core.package_discovery:discover_packages(prefix_path) check parameters
[0.738s] Level 1:colcon.colcon_core.package_discovery:discover_packages(prefix_path) discover
[0.742s] DEBUG:colcon.colcon_installed_package_information.package_discovery:Found 273 installed packages in /opt/ros/humble
[0.744s] Level 1:colcon.colcon_core.package_discovery:discover_packages(prefix_path) using defaults
[0.807s] Level 5:colcon.colcon_core.verb:set package 'tf2_demo_cpp' build argument 'cmake_args' from command line to 'None'
[0.807s] Level 5:colcon.colcon_core.verb:set package 'tf2_demo_cpp' build argument 'cmake_target' from command line to 'None'
[0.807s] Level 5:colcon.colcon_core.verb:set package 'tf2_demo_cpp' build argument 'cmake_target_skip_unavailable' from command line to 'False'
[0.807s] Level 5:colcon.colcon_core.verb:set package 'tf2_demo_cpp' build argument 'cmake_clean_cache' from command line to 'False'
[0.807s] Level 5:colcon.colcon_core.verb:set package 'tf2_demo_cpp' build argument 'cmake_clean_first' from command line to 'False'
[0.807s] Level 5:colcon.colcon_core.verb:set package 'tf2_demo_cpp' build argument 'cmake_force_configure' from command line to 'False'
[0.807s] Level 5:colcon.colcon_core.verb:set package 'tf2_demo_cpp' build argument 'ament_cmake_args' from command line to 'None'
[0.807s] Level 5:colcon.colcon_core.verb:set package 'tf2_demo_cpp' build argument 'catkin_cmake_args' from command line to 'None'
[0.807s] Level 5:colcon.colcon_core.verb:set package 'tf2_demo_cpp' build argument 'catkin_skip_building_tests' from command line to 'False'
[0.807s] DEBUG:colcon.colcon_core.verb:Building package 'tf2_demo_cpp' with the following arguments: {'ament_cmake_args': None, 'build_base': '/home/rajasbhatnagar/projects/warehouse_amr_ros2/ros2_ws/build/tf2_demo_cpp', 'catkin_cmake_args': None, 'catkin_skip_building_tests': False, 'cmake_args': None, 'cmake_clean_cache': False, 'cmake_clean_first': False, 'cmake_force_configure': False, 'cmake_target': None, 'cmake_target_skip_unavailable': False, 'install_base': '/home/rajasbhatnagar/projects/warehouse_amr_ros2/ros2_ws/install/tf2_demo_cpp', 'merge_install': False, 'path': '/home/rajasbhatnagar/projects/warehouse_amr_ros2/ros2_ws/src/tf2_demo_cpp', 'symlink_install': False, 'test_result_base': None}
[0.807s] INFO:colcon.colcon_core.executor:Executing jobs using 'parallel' executor
[0.808s] DEBUG:colcon.colcon_parallel_executor.executor.parallel:run_until_complete
[0.809s] INFO:colcon.colcon_ros.task.ament_cmake.build:Building ROS package in '/home/rajasbhatnagar/projects/warehouse_amr_ros2/ros2_ws/src/tf2_demo_cpp' with build type 'ament_cmake'
[0.809s] INFO:colcon.colcon_cmake.task.cmake.build:Building CMake package in '/home/rajasbhatnagar/projects/warehouse_amr_ros2/ros2_ws/src/tf2_demo_cpp'
[0.813s] INFO:colcon.colcon_core.plugin_system:Skipping extension 'colcon_core.shell.bat': Not used on non-Windows systems
[0.813s] INFO:colcon.colcon_core.shell:Skip shell extension 'powershell' for command environment: Not usable outside of PowerShell
[0.814s] DEBUG:colcon.colcon_core.shell:Skip shell extension 'dsv' for command environment
[0.827s] DEBUG:colcon.colcon_core.event_handler.log_command:Invoking command in '/home/rajasbhatnagar/projects/warehouse_amr_ros2/ros2_ws/build/tf2_demo_cpp': CMAKE_PREFIX_PATH=/opt/ros/humble /usr/bin/cmake /home/rajasbhatnagar/projects/warehouse_amr_ros2/ros2_ws/src/tf2_demo_cpp -DCMAKE_INSTALL_PREFIX=/home/rajasbhatnagar/projects/warehouse_amr_ros2/ros2_ws/install/tf2_demo_cpp
[15.849s] DEBUG:colcon.colcon_core.event_handler.log_command:Invoked command in '/home/rajasbhatnagar/projects/warehouse_amr_ros2/ros2_ws/build/tf2_demo_cpp' returned '0': CMAKE_PREFIX_PATH=/opt/ros/humble /usr/bin/cmake /home/rajasbhatnagar/projects/warehouse_amr_ros2/ros2_ws/src/tf2_demo_cpp -DCMAKE_INSTALL_PREFIX=/home/rajasbhatnagar/projects/warehouse_amr_ros2/ros2_ws/install/tf2_demo_cpp
[15.850s] DEBUG:colcon.colcon_core.event_handler.log_command:Invoking command in '/home/rajasbhatnagar/projects/warehouse_amr_ros2/ros2_ws/build/tf2_demo_cpp': CMAKE_PREFIX_PATH=/opt/ros/humble /usr/bin/cmake --build /home/rajasbhatnagar/projects/warehouse_amr_ros2/ros2_ws/build/tf2_demo_cpp -- -j12 -l12
[15.882s] DEBUG:colcon.colcon_core.event_handler.log_command:Invoked command in '/home/rajasbhatnagar/projects/warehouse_amr_ros2/ros2_ws/build/tf2_demo_cpp' returned '0': CMAKE_PREFIX_PATH=/opt/ros/humble /usr/bin/cmake --build /home/rajasbhatnagar/projects/warehouse_amr_ros2/ros2_ws/build/tf2_demo_cpp -- -j12 -l12
[15.891s] DEBUG:colcon.colcon_core.event_handler.log_command:Invoking command in '/home/rajasbhatnagar/projects/warehouse_amr_ros2/ros2_ws/build/tf2_demo_cpp': CMAKE_PREFIX_PATH=/opt/ros/humble /usr/bin/cmake --install /home/rajasbhatnagar/projects/warehouse_amr_ros2/ros2_ws/build/tf2_demo_cpp
[15.899s] Level 1:colcon.colcon_core.environment:create_environment_scripts_only(tf2_demo_cpp)
[15.900s] DEBUG:colcon.colcon_core.event_handler.log_command:Invoked command in '/home/rajasbhatnagar/projects/warehouse_amr_ros2/ros2_ws/build/tf2_demo_cpp' returned '0': CMAKE_PREFIX_PATH=/opt/ros/humble /usr/bin/cmake --install /home/rajasbhatnagar/projects/warehouse_amr_ros2/ros2_ws/build/tf2_demo_cpp
[15.905s] Level 1:colcon.colcon_core.environment:checking '/home/rajasbhatnagar/projects/warehouse_amr_ros2/ros2_ws/install/tf2_demo_cpp' for CMake module files
[15.906s] Level 1:colcon.colcon_core.environment:checking '/home/rajasbhatnagar/projects/warehouse_amr_ros2/ros2_ws/install/tf2_demo_cpp' for CMake config files
[15.906s] Level 1:colcon.colcon_core.shell:create_environment_hook('tf2_demo_cpp', 'cmake_prefix_path')
[15.906s] INFO:colcon.colcon_core.shell:Creating environment hook '/home/rajasbhatnagar/projects/warehouse_amr_ros2/ros2_ws/install/tf2_demo_cpp/share/tf2_demo_cpp/hook/cmake_prefix_path.ps1'
[15.907s] INFO:colcon.colcon_core.shell:Creating environment descriptor '/home/rajasbhatnagar/projects/warehouse_amr_ros2/ros2_ws/install/tf2_demo_cpp/share/tf2_demo_cpp/hook/cmake_prefix_path.dsv'
[15.908s] INFO:colcon.colcon_core.shell:Creating environment hook '/home/rajasbhatnagar/projects/warehouse_amr_ros2/ros2_ws/install/tf2_demo_cpp/share/tf2_demo_cpp/hook/cmake_prefix_path.sh'
[15.909s] Level 1:colcon.colcon_core.environment:checking '/home/rajasbhatnagar/projects/warehouse_amr_ros2/ros2_ws/install/tf2_demo_cpp/bin'
[15.909s] Level 1:colcon.colcon_core.environment:checking '/home/rajasbhatnagar/projects/warehouse_amr_ros2/ros2_ws/install/tf2_demo_cpp/lib/pkgconfig/tf2_demo_cpp.pc'
[15.910s] Level 1:colcon.colcon_core.environment:checking '/home/rajasbhatnagar/projects/warehouse_amr_ros2/ros2_ws/install/tf2_demo_cpp/lib/python3.10/site-packages'
[15.910s] Level 1:colcon.colcon_core.environment:checking '/home/rajasbhatnagar/projects/warehouse_amr_ros2/ros2_ws/install/tf2_demo_cpp/bin'
[15.910s] INFO:colcon.colcon_core.shell:Creating package script '/home/rajasbhatnagar/projects/warehouse_amr_ros2/ros2_ws/install/tf2_demo_cpp/share/tf2_demo_cpp/package.ps1'
[15.911s] INFO:colcon.colcon_core.shell:Creating package descriptor '/home/rajasbhatnagar/projects/warehouse_amr_ros2/ros2_ws/install/tf2_demo_cpp/share/tf2_demo_cpp/package.dsv'
[15.912s] INFO:colcon.colcon_core.shell:Creating package script '/home/rajasbhatnagar/projects/warehouse_amr_ros2/ros2_ws/install/tf2_demo_cpp/share/tf2_demo_cpp/package.sh'
[15.913s] INFO:colcon.colcon_core.shell:Creating package script '/home/rajasbhatnagar/projects/warehouse_amr_ros2/ros2_ws/install/tf2_demo_cpp/share/tf2_demo_cpp/package.bash'
[15.914s] INFO:colcon.colcon_core.shell:Creating package script '/home/rajasbhatnagar/projects/warehouse_amr_ros2/ros2_ws/install/tf2_demo_cpp/share/tf2_demo_cpp/package.zsh'
[15.915s] Level 1:colcon.colcon_core.environment:create_file_with_runtime_dependencies(/home/rajasbhatnagar/projects/warehouse_amr_ros2/ros2_ws/install/tf2_demo_cpp/share/colcon-core/packages/tf2_demo_cpp)
[15.915s] Level 1:colcon.colcon_core.environment:create_environment_scripts_only(tf2_demo_cpp)
[15.916s] Level 1:colcon.colcon_core.environment:checking '/home/rajasbhatnagar/projects/warehouse_amr_ros2/ros2_ws/install/tf2_demo_cpp' for CMake module files
[15.916s] Level 1:colcon.colcon_core.environment:checking '/home/rajasbhatnagar/projects/warehouse_amr_ros2/ros2_ws/install/tf2_demo_cpp' for CMake config files
[15.916s] Level 1:colcon.colcon_core.shell:create_environment_hook('tf2_demo_cpp', 'cmake_prefix_path')
[15.916s] INFO:colcon.colcon_core.shell:Creating environment hook '/home/rajasbhatnagar/projects/warehouse_amr_ros2/ros2_ws/install/tf2_demo_cpp/share/tf2_demo_cpp/hook/cmake_prefix_path.ps1'
[15.917s] INFO:colcon.colcon_core.shell:Creating environment descriptor '/home/rajasbhatnagar/projects/warehouse_amr_ros2/ros2_ws/install/tf2_demo_cpp/share/tf2_demo_cpp/hook/cmake_prefix_path.dsv'
[15.917s] INFO:colcon.colcon_core.shell:Creating environment hook '/home/rajasbhatnagar/projects/warehouse_amr_ros2/ros2_ws/install/tf2_demo_cpp/share/tf2_demo_cpp/hook/cmake_prefix_path.sh'
[15.917s] Level 1:colcon.colcon_core.environment:checking '/home/rajasbhatnagar/projects/warehouse_amr_ros2/ros2_ws/install/tf2_demo_cpp/bin'
[15.917s] Level 1:colcon.colcon_core.environment:checking '/home/rajasbhatnagar/projects/warehouse_amr_ros2/ros2_ws/install/tf2_demo_cpp/lib/pkgconfig/tf2_demo_cpp.pc'
[15.917s] Level 1:colcon.colcon_core.environment:checking '/home/rajasbhatnagar/projects/warehouse_amr_ros2/ros2_ws/install/tf2_demo_cpp/lib/python3.10/site-packages'
[15.918s] Level 1:colcon.colcon_core.environment:checking '/home/rajasbhatnagar/projects/warehouse_amr_ros2/ros2_ws/install/tf2_demo_cpp/bin'
[15.918s] INFO:colcon.colcon_core.shell:Creating package script '/home/rajasbhatnagar/projects/warehouse_amr_ros2/ros2_ws/install/tf2_demo_cpp/share/tf2_demo_cpp/package.ps1'
[15.918s] INFO:colcon.colcon_core.shell:Creating package descriptor '/home/rajasbhatnagar/projects/warehouse_amr_ros2/ros2_ws/install/tf2_demo_cpp/share/tf2_demo_cpp/package.dsv'
[15.919s] INFO:colcon.colcon_core.shell:Creating package script '/home/rajasbhatnagar/projects/warehouse_amr_ros2/ros2_ws/install/tf2_demo_cpp/share/tf2_demo_cpp/package.sh'
[15.919s] INFO:colcon.colcon_core.shell:Creating package script '/home/rajasbhatnagar/projects/warehouse_amr_ros2/ros2_ws/install/tf2_demo_cpp/share/tf2_demo_cpp/package.bash'
[15.919s] INFO:colcon.colcon_core.shell:Creating package script '/home/rajasbhatnagar/projects/warehouse_amr_ros2/ros2_ws/install/tf2_demo_cpp/share/tf2_demo_cpp/package.zsh'
[15.920s] Level 1:colcon.colcon_core.environment:create_file_with_runtime_dependencies(/home/rajasbhatnagar/projects/warehouse_amr_ros2/ros2_ws/install/tf2_demo_cpp/share/colcon-core/packages/tf2_demo_cpp)
[15.920s] DEBUG:colcon.colcon_parallel_executor.executor.parallel:closing loop
[15.921s] DEBUG:colcon.colcon_parallel_executor.executor.parallel:loop closed
[15.921s] DEBUG:colcon.colcon_parallel_executor.executor.parallel:run_until_complete finished with '0'
[15.921s] DEBUG:colcon.colcon_core.event_reactor:joining thread
[16.042s] INFO:colcon.colcon_core.plugin_system:Skipping extension 'colcon_notification.desktop_notification.notify_send': Could not find 'notify-send'
[16.042s] INFO:colcon.colcon_core.plugin_system:Skipping extension 'colcon_notification.desktop_notification.terminal_notifier': Not used on non-Darwin systems
[16.042s] INFO:colcon.colcon_core.plugin_system:Skipping extension 'colcon_notification.desktop_notification.win32': Not used on non-Windows systems
[16.042s] INFO:colcon.colcon_notification.desktop_notification:Sending desktop notification using 'notify2'
[16.042s] DEBUG:colcon.colcon_notification.desktop_notification.notify2:Failed to initialize notify2: org.freedesktop.DBus.Error.FileNotFound: Failed to connect to socket /run/user/1000/bus: No such file or directory
[16.043s] DEBUG:colcon.colcon_core.event_reactor:joined thread
[16.043s] INFO:colcon.colcon_core.shell:Creating prefix script '/home/rajasbhatnagar/projects/warehouse_amr_ros2/ros2_ws/install/local_setup.ps1'
[16.045s] INFO:colcon.colcon_core.shell:Creating prefix util module '/home/rajasbhatnagar/projects/warehouse_amr_ros2/ros2_ws/install/_local_setup_util_ps1.py'
[16.046s] INFO:colcon.colcon_core.shell:Creating prefix chain script '/home/rajasbhatnagar/projects/warehouse_amr_ros2/ros2_ws/install/setup.ps1'
[16.048s] INFO:colcon.colcon_core.shell:Creating prefix script '/home/rajasbhatnagar/projects/warehouse_amr_ros2/ros2_ws/install/local_setup.sh'
[16.049s] INFO:colcon.colcon_core.shell:Creating prefix util module '/home/rajasbhatnagar/projects/warehouse_amr_ros2/ros2_ws/install/_local_setup_util_sh.py'
[16.049s] INFO:colcon.colcon_core.shell:Creating prefix chain script '/home/rajasbhatnagar/projects/warehouse_amr_ros2/ros2_ws/install/setup.sh'
[16.050s] INFO:colcon.colcon_core.shell:Creating prefix script '/home/rajasbhatnagar/projects/warehouse_amr_ros2/ros2_ws/install/local_setup.bash'
[16.051s] INFO:colcon.colcon_core.shell:Creating prefix chain script '/home/rajasbhatnagar/projects/warehouse_amr_ros2/ros2_ws/install/setup.bash'
[16.052s] INFO:colcon.colcon_core.shell:Creating prefix script '/home/rajasbhatnagar/projects/warehouse_amr_ros2/ros2_ws/install/local_setup.zsh'
[16.053s] INFO:colcon.colcon_core.shell:Creating prefix chain script '/home/rajasbhatnagar/projects/warehouse_amr_ros2/ros2_ws/install/setup.zsh'
