[0.315s] DEBUG:colcon:Command line arguments: ['/usr/bin/colcon', 'build']
[0.316s] DEBUG:colcon:Parsed command line arguments: Namespace(log_base=None, log_level=None, verb_name='build', build_base='build', install_base='install', merge_install=False, symlink_install=False, test_result_base=None, continue_on_error=False, executor='parallel', parallel_workers=12, event_handlers=None, ignore_user_meta=False, metas=['./colcon.meta'], base_paths=['.'], packages_ignore=None, packages_ignore_regex=None, paths=None, packages_up_to=None, packages_up_to_regex=None, packages_above=None, packages_above_and_dependencies=None, packages_above_depth=None, packages_select_by_dep=None, packages_skip_by_dep=None, packages_skip_up_to=None, packages_select_build_failed=False, packages_skip_build_finished=False, packages_select_test_failures=False, packages_skip_test_passed=False, packages_select=None, packages_skip=None, packages_select_regex=None, packages_skip_regex=None, packages_start=None, packages_end=None, allow_overriding=[], cmake_args=None, cmake_target=None, cmake_target_skip_unavailable=False, cmake_clean_cache=False, cmake_clean_first=False, cmake_force_configure=False, ament_cmake_args=None, catkin_cmake_args=None, catkin_skip_building_tests=False, verb_parser=<colcon_defaults.argument_parser.defaults.DefaultArgumentsDecorator object at 0x71007c532ef0>, verb_extension=<colcon_core.verb.build.BuildVerb object at 0x71007c5329e0>, main=<bound method BuildVerb.main of <colcon_core.verb.build.BuildVerb object at 0x71007c5329e0>>)
[0.498s] Level 1:colcon.colcon_core.package_discovery:discover_packages(colcon_meta) check parameters
[0.499s] Level 1:colcon.colcon_core.package_discovery:discover_packages(recursive) check parameters
[0.499s] Level 1:colcon.colcon_core.package_discovery:discover_packages(ignore) check parameters
[0.499s] Level 1:colcon.colcon_core.package_discovery:discover_packages(path) check parameters
[0.499s] Level 1:colcon.colcon_core.package_discovery:discover_packages(colcon_meta) discover
[0.499s] Level 1:colcon.colcon_core.package_discovery:discover_packages(recursive) discover
[0.499s] INFO:colcon.colcon_core.package_discovery:Crawling recursively for packages in '/home/rajasbhatnagar/projects/warehouse_amr_ros2/ros2_ws'
[0.499s] Level 1:colcon.colcon_core.package_identification:_identify(.) by extensions ['ignore', 'ignore_ament_install']
[0.499s] Level 1:colcon.colcon_core.package_identification:_identify(.) by extension 'ignore'
[0.499s] Level 1:colcon.colcon_core.package_identification:_identify(.) by extension 'ignore_ament_install'
[0.499s] Level 1:colcon.colcon_core.package_identification:_identify(.) by extensions ['colcon_pkg']
[0.499s] Level 1:colcon.colcon_core.package_identification:_identify(.) by extension 'colcon_pkg'
[0.499s] Level 1:colcon.colcon_core.package_identification:_identify(.) by extensions ['colcon_meta']
[0.499s] Level 1:colcon.colcon_core.package_identification:_identify(.) by extension 'colcon_meta'
[0.499s] Level 1:colcon.colcon_core.package_identification:_identify(.) by extensions ['ros']
[0.499s] Level 1:colcon.colcon_core.package_identification:_identify(.) by extension 'ros'
[0.508s] Level 1:colcon.colcon_core.package_identification:_identify(.) by extensions ['cmake', 'python']
[0.508s] Level 1:colcon.colcon_core.package_identification:_identify(.) by extension 'cmake'
[0.508s] Level 1:colcon.colcon_core.package_identification:_identify(.) by extension 'python'
[0.508s] Level 1:colcon.colcon_core.package_identification:_identify(.) by extensions ['python_setup_py']
[0.508s] Level 1:colcon.colcon_core.package_identification:_identify(.) by extension 'python_setup_py'
[0.508s] Level 1:colcon.colcon_core.package_identification:_identify(build) by extensions ['ignore', 'ignore_ament_install']
[0.508s] Level 1:colcon.colcon_core.package_identification:_identify(build) by extension 'ignore'
[0.508s] Level 1:colcon.colcon_core.package_identification:_identify(build) ignored
[0.508s] Level 1:colcon.colcon_core.package_identification:_identify(install) by extensions ['ignore', 'ignore_ament_install']
[0.508s] Level 1:colcon.colcon_core.package_identification:_identify(install) by extension 'ignore'
[0.508s] Level 1:colcon.colcon_core.package_identification:_identify(install) ignored
[0.509s] Level 1:colcon.colcon_core.package_identification:_identify(log) by extensions ['ignore', 'ignore_ament_install']
[0.509s] Level 1:colcon.colcon_core.package_identification:_identify(log) by extension 'ignore'
[0.509s] Level 1:colcon.colcon_core.package_identification:_identify(log) ignored
[0.509s] Level 1:colcon.colcon_core.package_identification:_identify(src) by extensions ['ignore', 'ignore_ament_install']
[0.509s] Level 1:colcon.colcon_core.package_identification:_identify(src) by extension 'ignore'
[0.509s] Level 1:colcon.colcon_core.package_identification:_identify(src) by extension 'ignore_ament_install'
[0.509s] Level 1:colcon.colcon_core.package_identification:_identify(src) by extensions ['colcon_pkg']
[0.509s] Level 1:colcon.colcon_core.package_identification:_identify(src) by extension 'colcon_pkg'
[0.509s] Level 1:colcon.colcon_core.package_identification:_identify(src) by extensions ['colcon_meta']
[0.509s] Level 1:colcon.colcon_core.package_identification:_identify(src) by extension 'colcon_meta'
[0.509s] Level 1:colcon.colcon_core.package_identification:_identify(src) by extensions ['ros']
[0.509s] Level 1:colcon.colcon_core.package_identification:_identify(src) by extension 'ros'
[0.509s] Level 1:colcon.colcon_core.package_identification:_identify(src) by extensions ['cmake', 'python']
[0.509s] Level 1:colcon.colcon_core.package_identification:_identify(src) by extension 'cmake'
[0.509s] Level 1:colcon.colcon_core.package_identification:_identify(src) by extension 'python'
[0.509s] Level 1:colcon.colcon_core.package_identification:_identify(src) by extensions ['python_setup_py']
[0.509s] Level 1:colcon.colcon_core.package_identification:_identify(src) by extension 'python_setup_py'
[0.509s] Level 1:colcon.colcon_core.package_identification:_identify(src/my_robot_description) by extensions ['ignore', 'ignore_ament_install']
[0.509s] Level 1:colcon.colcon_core.package_identification:_identify(src/my_robot_description) by extension 'ignore'
[0.509s] Level 1:colcon.colcon_core.package_identification:_identify(src/my_robot_description) by extension 'ignore_ament_install'
[0.509s] Level 1:colcon.colcon_core.package_identification:_identify(src/my_robot_description) by extensions ['colcon_pkg']
[0.509s] Level 1:colcon.colcon_core.package_identification:_identify(src/my_robot_description) by extension 'colcon_pkg'
[0.509s] Level 1:colcon.colcon_core.package_identification:_identify(src/my_robot_description) by extensions ['colcon_meta']
[0.509s] Level 1:colcon.colcon_core.package_identification:_identify(src/my_robot_description) by extension 'colcon_meta'
[0.509s] Level 1:colcon.colcon_core.package_identification:_identify(src/my_robot_description) by extensions ['ros']
[0.509s] Level 1:colcon.colcon_core.package_identification:_identify(src/my_robot_description) by extension 'ros'
[0.512s] DEBUG:colcon.colcon_core.package_identification:Package 'src/my_robot_description' with type 'ros.ament_cmake' and name 'my_robot_description'
[0.513s] Level 1:colcon.colcon_core.package_identification:_identify(src/tf2_demo_cpp) by extensions ['ignore', 'ignore_ament_install']
[0.513s] Level 1:colcon.colcon_core.package_identification:_identify(src/tf2_demo_cpp) by extension 'ignore'
[0.513s] Level 1:colcon.colcon_core.package_identification:_identify(src/tf2_demo_cpp) by extension 'ignore_ament_install'
[0.513s] Level 1:colcon.colcon_core.package_identification:_identify(src/tf2_demo_cpp) by extensions ['colcon_pkg']
[0.513s] Level 1:colcon.colcon_core.package_identification:_identify(src/tf2_demo_cpp) by extension 'colcon_pkg'
[0.513s] Level 1:colcon.colcon_core.package_identification:_identify(src/tf2_demo_cpp) by extensions ['colcon_meta']
[0.513s] Level 1:colcon.colcon_core.package_identification:_identify(src/tf2_demo_cpp) by extension 'colcon_meta'
[0.513s] Level 1:colcon.colcon_core.package_identification:_identify(src/tf2_demo_cpp) by extensions ['ros']
[0.513s] Level 1:colcon.colcon_core.package_identification:_identify(src/tf2_demo_cpp) by extension 'ros'
[0.514s] DEBUG:colcon.colcon_core.package_identification:Package 'src/tf2_demo_cpp' with type 'ros.ament_cmake' and name 'tf2_demo_cpp'
[0.514s] Level 1:colcon.colcon_core.package_discovery:discover_packages(recursive) using defaults
[0.514s] Level 1:colcon.colcon_core.package_discovery:discover_packages(ignore) discover
[0.514s] Level 1:colcon.colcon_core.package_discovery:discover_packages(ignore) using defaults
[0.514s] Level 1:colcon.colcon_core.package_discovery:discover_packages(path) discover
[0.514s] Level 1:colcon.colcon_core.package_discovery:discover_packages(path) using defaults
[0.538s] Level 1:colcon.colcon_core.package_discovery:discover_packages(prefix_path) check parameters
[0.538s] Level 1:colcon.colcon_core.package_discovery:discover_packages(prefix_path) discover
[0.542s] DEBUG:colcon.colcon_installed_package_information.package_discovery:Found 1 installed packages in /home/rajasbhatnagar/projects/warehouse_amr_ros2/ros2_ws/install
[0.543s] DEBUG:colcon.colcon_installed_package_information.package_discovery:Found 273 installed packages in /opt/ros/humble
[0.545s] Level 1:colcon.colcon_core.package_discovery:discover_packages(prefix_path) using defaults
[0.585s] Level 5:colcon.colcon_core.verb:set package 'my_robot_description' build argument 'cmake_args' from command line to 'None'
[0.585s] Level 5:colcon.colcon_core.verb:set package 'my_robot_description' build argument 'cmake_target' from command line to 'None'
[0.585s] Level 5:colcon.colcon_core.verb:set package 'my_robot_description' build argument 'cmake_target_skip_unavailable' from command line to 'False'
[0.585s] Level 5:colcon.colcon_core.verb:set package 'my_robot_description' build argument 'cmake_clean_cache' from command line to 'False'
[0.585s] Level 5:colcon.colcon_core.verb:set package 'my_robot_description' build argument 'cmake_clean_first' from command line to 'False'
[0.585s] Level 5:colcon.colcon_core.verb:set package 'my_robot_description' build argument 'cmake_force_configure' from command line to 'False'
[0.585s] Level 5:colcon.colcon_core.verb:set package 'my_robot_description' build argument 'ament_cmake_args' from command line to 'None'
[0.585s] Level 5:colcon.colcon_core.verb:set package 'my_robot_description' build argument 'catkin_cmake_args' from command line to 'None'
[0.585s] Level 5:colcon.colcon_core.verb:set package 'my_robot_description' build argument 'catkin_skip_building_tests' from command line to 'False'
[0.585s] DEBUG:colcon.colcon_core.verb:Building package 'my_robot_description' with the following arguments: {'ament_cmake_args': None, 'build_base': '/home/rajasbhatnagar/projects/warehouse_amr_ros2/ros2_ws/build/my_robot_description', 'catkin_cmake_args': None, 'catkin_skip_building_tests': False, 'cmake_args': None, 'cmake_clean_cache': False, 'cmake_clean_first': False, 'cmake_force_configure': False, 'cmake_target': None, 'cmake_target_skip_unavailable': False, 'install_base': '/home/rajasbhatnagar/projects/warehouse_amr_ros2/ros2_ws/install/my_robot_description', 'merge_install': False, 'path': '/home/rajasbhatnagar/projects/warehouse_amr_ros2/ros2_ws/src/my_robot_description', 'symlink_install': False, 'test_result_base': None}
[0.586s] Level 5:colcon.colcon_core.verb:set package 'tf2_demo_cpp' build argument 'cmake_args' from command line to 'None'
[0.586s] Level 5:colcon.colcon_core.verb:set package 'tf2_demo_cpp' build argument 'cmake_target' from command line to 'None'
[0.586s] Level 5:colcon.colcon_core.verb:set package 'tf2_demo_cpp' build argument 'cmake_target_skip_unavailable' from command line to 'False'
[0.586s] Level 5:colcon.colcon_core.verb:set package 'tf2_demo_cpp' build argument 'cmake_clean_cache' from command line to 'False'
[0.586s] Level 5:colcon.colcon_core.verb:set package 'tf2_demo_cpp' build argument 'cmake_clean_first' from command line to 'False'
[0.586s] Level 5:colcon.colcon_core.verb:set package 'tf2_demo_cpp' build argument 'cmake_force_configure' from command line to 'False'
[0.586s] Level 5:colcon.colcon_core.verb:set package 'tf2_demo_cpp' build argument 'ament_cmake_args' from command line to 'None'
[0.586s] Level 5:colcon.colcon_core.verb:set package 'tf2_demo_cpp' build argument 'catkin_cmake_args' from command line to 'None'
[0.586s] Level 5:colcon.colcon_core.verb:set package 'tf2_demo_cpp' build argument 'catkin_skip_building_tests' from command line to 'False'
[0.586s] DEBUG:colcon.colcon_core.verb:Building package 'tf2_demo_cpp' with the following arguments: {'ament_cmake_args': None, 'build_base': '/home/rajasbhatnagar/projects/warehouse_amr_ros2/ros2_ws/build/tf2_demo_cpp', 'catkin_cmake_args': None, 'catkin_skip_building_tests': False, 'cmake_args': None, 'cmake_clean_cache': False, 'cmake_clean_first': False, 'cmake_force_configure': False, 'cmake_target': None, 'cmake_target_skip_unavailable': False, 'install_base': '/home/rajasbhatnagar/projects/warehouse_amr_ros2/ros2_ws/install/tf2_demo_cpp', 'merge_install': False, 'path': '/home/rajasbhatnagar/projects/warehouse_amr_ros2/ros2_ws/src/tf2_demo_cpp', 'symlink_install': False, 'test_result_base': None}
[0.586s] INFO:colcon.colcon_core.executor:Executing jobs using 'parallel' executor
[0.587s] DEBUG:colcon.colcon_parallel_executor.executor.parallel:run_until_complete
[0.587s] INFO:colcon.colcon_ros.task.ament_cmake.build:Building ROS package in '/home/rajasbhatnagar/projects/warehouse_amr_ros2/ros2_ws/src/my_robot_description' with build type 'ament_cmake'
[0.587s] INFO:colcon.colcon_cmake.task.cmake.build:Building CMake package in '/home/rajasbhatnagar/projects/warehouse_amr_ros2/ros2_ws/src/my_robot_description'
[0.594s] INFO:colcon.colcon_core.plugin_system:Skipping extension 'colcon_core.shell.bat': Not used on non-Windows systems
[0.594s] INFO:colcon.colcon_core.shell:Skip shell extension 'powershell' for command environment: Not usable outside of PowerShell
[0.594s] DEBUG:colcon.colcon_core.shell:Skip shell extension 'dsv' for command environment
[0.597s] INFO:colcon.colcon_ros.task.ament_cmake.build:Building ROS package in '/home/rajasbhatnagar/projects/warehouse_amr_ros2/ros2_ws/src/tf2_demo_cpp' with build type 'ament_cmake'
[0.598s] INFO:colcon.colcon_cmake.task.cmake.build:Building CMake package in '/home/rajasbhatnagar/projects/warehouse_amr_ros2/ros2_ws/src/tf2_demo_cpp'
[0.598s] INFO:colcon.colcon_core.shell:Skip shell extension 'powershell' for command environment: Not usable outside of PowerShell
[0.598s] DEBUG:colcon.colcon_core.shell:Skip shell extension 'dsv' for command environment
[0.607s] DEBUG:colcon.colcon_core.event_handler.log_command:Invoking command in '/home/rajasbhatnagar/projects/warehouse_amr_ros2/ros2_ws/build/my_robot_description': CMAKE_PREFIX_PATH=${CMAKE_PREFIX_PATH}:/opt/ros/humble /usr/bin/cmake /home/rajasbhatnagar/projects/warehouse_amr_ros2/ros2_ws/src/my_robot_description -DCMAKE_INSTALL_PREFIX=/home/rajasbhatnagar/projects/warehouse_amr_ros2/ros2_ws/install/my_robot_description
[0.613s] DEBUG:colcon.colcon_core.event_handler.log_command:Invoking command in '/home/rajasbhatnagar/projects/warehouse_amr_ros2/ros2_ws/build/tf2_demo_cpp': CMAKE_PREFIX_PATH=${CMAKE_PREFIX_PATH}:/opt/ros/humble /usr/bin/cmake --build /home/rajasbhatnagar/projects/warehouse_amr_ros2/ros2_ws/build/tf2_demo_cpp -- -j12 -l12
[0.717s] DEBUG:colcon.colcon_core.event_handler.log_command:Invoked command in '/home/rajasbhatnagar/projects/warehouse_amr_ros2/ros2_ws/build/tf2_demo_cpp' returned '0': CMAKE_PREFIX_PATH=${CMAKE_PREFIX_PATH}:/opt/ros/humble /usr/bin/cmake --build /home/rajasbhatnagar/projects/warehouse_amr_ros2/ros2_ws/build/tf2_demo_cpp -- -j12 -l12
[0.726s] DEBUG:colcon.colcon_core.event_handler.log_command:Invoking command in '/home/rajasbhatnagar/projects/warehouse_amr_ros2/ros2_ws/build/tf2_demo_cpp': CMAKE_PREFIX_PATH=${CMAKE_PREFIX_PATH}:/opt/ros/humble /usr/bin/cmake --install /home/rajasbhatnagar/projects/warehouse_amr_ros2/ros2_ws/build/tf2_demo_cpp
[0.735s] Level 1:colcon.colcon_core.environment:create_environment_scripts_only(tf2_demo_cpp)
[0.735s] DEBUG:colcon.colcon_core.event_handler.log_command:Invoked command in '/home/rajasbhatnagar/projects/warehouse_amr_ros2/ros2_ws/build/tf2_demo_cpp' returned '0': CMAKE_PREFIX_PATH=${CMAKE_PREFIX_PATH}:/opt/ros/humble /usr/bin/cmake --install /home/rajasbhatnagar/projects/warehouse_amr_ros2/ros2_ws/build/tf2_demo_cpp
[0.741s] Level 1:colcon.colcon_core.environment:checking '/home/rajasbhatnagar/projects/warehouse_amr_ros2/ros2_ws/install/tf2_demo_cpp' for CMake module files
[0.742s] Level 1:colcon.colcon_core.environment:checking '/home/rajasbhatnagar/projects/warehouse_amr_ros2/ros2_ws/install/tf2_demo_cpp' for CMake config files
[0.742s] Level 1:colcon.colcon_core.shell:create_environment_hook('tf2_demo_cpp', 'cmake_prefix_path')
[0.742s] INFO:colcon.colcon_core.shell:Creating environment hook '/home/rajasbhatnagar/projects/warehouse_amr_ros2/ros2_ws/install/tf2_demo_cpp/share/tf2_demo_cpp/hook/cmake_prefix_path.ps1'
[0.743s] INFO:colcon.colcon_core.shell:Creating environment descriptor '/home/rajasbhatnagar/projects/warehouse_amr_ros2/ros2_ws/install/tf2_demo_cpp/share/tf2_demo_cpp/hook/cmake_prefix_path.dsv'
[0.744s] INFO:colcon.colcon_core.shell:Creating environment hook '/home/rajasbhatnagar/projects/warehouse_amr_ros2/ros2_ws/install/tf2_demo_cpp/share/tf2_demo_cpp/hook/cmake_prefix_path.sh'
[0.745s] Level 1:colcon.colcon_core.environment:checking '/home/rajasbhatnagar/projects/warehouse_amr_ros2/ros2_ws/install/tf2_demo_cpp/lib'
[0.745s] Level 1:colcon.colcon_core.environment:checking '/home/rajasbhatnagar/projects/warehouse_amr_ros2/ros2_ws/install/tf2_demo_cpp/bin'
[0.745s] Level 1:colcon.colcon_core.environment:checking '/home/rajasbhatnagar/projects/warehouse_amr_ros2/ros2_ws/install/tf2_demo_cpp/lib/pkgconfig/tf2_demo_cpp.pc'
[0.746s] Level 1:colcon.colcon_core.environment:checking '/home/rajasbhatnagar/projects/warehouse_amr_ros2/ros2_ws/install/tf2_demo_cpp/lib/python3.10/site-packages'
[0.746s] Level 1:colcon.colcon_core.environment:checking '/home/rajasbhatnagar/projects/warehouse_amr_ros2/ros2_ws/install/tf2_demo_cpp/bin'
[0.746s] INFO:colcon.colcon_core.shell:Creating package script '/home/rajasbhatnagar/projects/warehouse_amr_ros2/ros2_ws/install/tf2_demo_cpp/share/tf2_demo_cpp/package.ps1'
[0.747s] INFO:colcon.colcon_core.shell:Creating package descriptor '/home/rajasbhatnagar/projects/warehouse_amr_ros2/ros2_ws/install/tf2_demo_cpp/share/tf2_demo_cpp/package.dsv'
[0.748s] INFO:colcon.colcon_core.shell:Creating package script '/home/rajasbhatnagar/projects/warehouse_amr_ros2/ros2_ws/install/tf2_demo_cpp/share/tf2_demo_cpp/package.sh'
[0.749s] INFO:colcon.colcon_core.shell:Creating package script '/home/rajasbhatnagar/projects/warehouse_amr_ros2/ros2_ws/install/tf2_demo_cpp/share/tf2_demo_cpp/package.bash'
[0.750s] INFO:colcon.colcon_core.shell:Creating package script '/home/rajasbhatnagar/projects/warehouse_amr_ros2/ros2_ws/install/tf2_demo_cpp/share/tf2_demo_cpp/package.zsh'
[0.751s] Level 1:colcon.colcon_core.environment:create_file_with_runtime_dependencies(/home/rajasbhatnagar/projects/warehouse_amr_ros2/ros2_ws/install/tf2_demo_cpp/share/colcon-core/packages/tf2_demo_cpp)
[0.752s] Level 1:colcon.colcon_core.environment:create_environment_scripts_only(tf2_demo_cpp)
[0.752s] Level 1:colcon.colcon_core.environment:checking '/home/rajasbhatnagar/projects/warehouse_amr_ros2/ros2_ws/install/tf2_demo_cpp' for CMake module files
[0.753s] Level 1:colcon.colcon_core.environment:checking '/home/rajasbhatnagar/projects/warehouse_amr_ros2/ros2_ws/install/tf2_demo_cpp' for CMake config files
[0.753s] Level 1:colcon.colcon_core.shell:create_environment_hook('tf2_demo_cpp', 'cmake_prefix_path')
[0.753s] INFO:colcon.colcon_core.shell:Creating environment hook '/home/rajasbhatnagar/projects/warehouse_amr_ros2/ros2_ws/install/tf2_demo_cpp/share/tf2_demo_cpp/hook/cmake_prefix_path.ps1'
[0.754s] INFO:colcon.colcon_core.shell:Creating environment descriptor '/home/rajasbhatnagar/projects/warehouse_amr_ros2/ros2_ws/install/tf2_demo_cpp/share/tf2_demo_cpp/hook/cmake_prefix_path.dsv'
[0.754s] INFO:colcon.colcon_core.shell:Creating environment hook '/home/rajasbhatnagar/projects/warehouse_amr_ros2/ros2_ws/install/tf2_demo_cpp/share/tf2_demo_cpp/hook/cmake_prefix_path.sh'
[0.754s] Level 1:colcon.colcon_core.environment:checking '/home/rajasbhatnagar/projects/warehouse_amr_ros2/ros2_ws/install/tf2_demo_cpp/lib'
[0.754s] Level 1:colcon.colcon_core.environment:checking '/home/rajasbhatnagar/projects/warehouse_amr_ros2/ros2_ws/install/tf2_demo_cpp/bin'
[0.754s] Level 1:colcon.colcon_core.environment:checking '/home/rajasbhatnagar/projects/warehouse_amr_ros2/ros2_ws/install/tf2_demo_cpp/lib/pkgconfig/tf2_demo_cpp.pc'
[0.755s] Level 1:colcon.colcon_core.environment:checking '/home/rajasbhatnagar/projects/warehouse_amr_ros2/ros2_ws/install/tf2_demo_cpp/lib/python3.10/site-packages'
[0.755s] Level 1:colcon.colcon_core.environment:checking '/home/rajasbhatnagar/projects/warehouse_amr_ros2/ros2_ws/install/tf2_demo_cpp/bin'
[0.755s] INFO:colcon.colcon_core.shell:Creating package script '/home/rajasbhatnagar/projects/warehouse_amr_ros2/ros2_ws/install/tf2_demo_cpp/share/tf2_demo_cpp/package.ps1'
[0.756s] INFO:colcon.colcon_core.shell:Creating package descriptor '/home/rajasbhatnagar/projects/warehouse_amr_ros2/ros2_ws/install/tf2_demo_cpp/share/tf2_demo_cpp/package.dsv'
[0.756s] INFO:colcon.colcon_core.shell:Creating package script '/home/rajasbhatnagar/projects/warehouse_amr_ros2/ros2_ws/install/tf2_demo_cpp/share/tf2_demo_cpp/package.sh'
[0.757s] INFO:colcon.colcon_core.shell:Creating package script '/home/rajasbhatnagar/projects/warehouse_amr_ros2/ros2_ws/install/tf2_demo_cpp/share/tf2_demo_cpp/package.bash'
[0.757s] INFO:colcon.colcon_core.shell:Creating package script '/home/rajasbhatnagar/projects/warehouse_amr_ros2/ros2_ws/install/tf2_demo_cpp/share/tf2_demo_cpp/package.zsh'
[0.757s] Level 1:colcon.colcon_core.environment:create_file_with_runtime_dependencies(/home/rajasbhatnagar/projects/warehouse_amr_ros2/ros2_ws/install/tf2_demo_cpp/share/colcon-core/packages/tf2_demo_cpp)
[3.707s] DEBUG:colcon.colcon_core.event_handler.log_command:Invoked command in '/home/rajasbhatnagar/projects/warehouse_amr_ros2/ros2_ws/build/my_robot_description' returned '0': CMAKE_PREFIX_PATH=${CMAKE_PREFIX_PATH}:/opt/ros/humble /usr/bin/cmake /home/rajasbhatnagar/projects/warehouse_amr_ros2/ros2_ws/src/my_robot_description -DCMAKE_INSTALL_PREFIX=/home/rajasbhatnagar/projects/warehouse_amr_ros2/ros2_ws/install/my_robot_description
[3.708s] DEBUG:colcon.colcon_core.event_handler.log_command:Invoking command in '/home/rajasbhatnagar/projects/warehouse_amr_ros2/ros2_ws/build/my_robot_description': CMAKE_PREFIX_PATH=${CMAKE_PREFIX_PATH}:/opt/ros/humble /usr/bin/cmake --build /home/rajasbhatnagar/projects/warehouse_amr_ros2/ros2_ws/build/my_robot_description -- -j12 -l12
[3.735s] DEBUG:colcon.colcon_core.event_handler.log_command:Invoked command in '/home/rajasbhatnagar/projects/warehouse_amr_ros2/ros2_ws/build/my_robot_description' returned '0': CMAKE_PREFIX_PATH=${CMAKE_PREFIX_PATH}:/opt/ros/humble /usr/bin/cmake --build /home/rajasbhatnagar/projects/warehouse_amr_ros2/ros2_ws/build/my_robot_description -- -j12 -l12
[3.736s] DEBUG:colcon.colcon_core.event_handler.log_command:Invoking command in '/home/rajasbhatnagar/projects/warehouse_amr_ros2/ros2_ws/build/my_robot_description': CMAKE_PREFIX_PATH=${CMAKE_PREFIX_PATH}:/opt/ros/humble /usr/bin/cmake --install /home/rajasbhatnagar/projects/warehouse_amr_ros2/ros2_ws/build/my_robot_description
[3.744s] Level 1:colcon.colcon_core.environment:create_environment_scripts_only(my_robot_description)
[3.745s] Level 1:colcon.colcon_core.environment:checking '/home/rajasbhatnagar/projects/warehouse_amr_ros2/ros2_ws/install/my_robot_description' for CMake module files
[3.745s] Level 1:colcon.colcon_core.environment:checking '/home/rajasbhatnagar/projects/warehouse_amr_ros2/ros2_ws/install/my_robot_description' for CMake config files
[3.745s] DEBUG:colcon.colcon_core.event_handler.log_command:Invoked command in '/home/rajasbhatnagar/projects/warehouse_amr_ros2/ros2_ws/build/my_robot_description' returned '0': CMAKE_PREFIX_PATH=${CMAKE_PREFIX_PATH}:/opt/ros/humble /usr/bin/cmake --install /home/rajasbhatnagar/projects/warehouse_amr_ros2/ros2_ws/build/my_robot_description
[3.746s] Level 1:colcon.colcon_core.shell:create_environment_hook('my_robot_description', 'cmake_prefix_path')
[3.746s] INFO:colcon.colcon_core.shell:Creating environment hook '/home/rajasbhatnagar/projects/warehouse_amr_ros2/ros2_ws/install/my_robot_description/share/my_robot_description/hook/cmake_prefix_path.ps1'
[3.746s] INFO:colcon.colcon_core.shell:Creating environment descriptor '/home/rajasbhatnagar/projects/warehouse_amr_ros2/ros2_ws/install/my_robot_description/share/my_robot_description/hook/cmake_prefix_path.dsv'
[3.747s] INFO:colcon.colcon_core.shell:Creating environment hook '/home/rajasbhatnagar/projects/warehouse_amr_ros2/ros2_ws/install/my_robot_description/share/my_robot_description/hook/cmake_prefix_path.sh'
[3.747s] Level 1:colcon.colcon_core.environment:checking '/home/rajasbhatnagar/projects/warehouse_amr_ros2/ros2_ws/install/my_robot_description/bin'
[3.747s] Level 1:colcon.colcon_core.environment:checking '/home/rajasbhatnagar/projects/warehouse_amr_ros2/ros2_ws/install/my_robot_description/lib/pkgconfig/my_robot_description.pc'
[3.747s] Level 1:colcon.colcon_core.environment:checking '/home/rajasbhatnagar/projects/warehouse_amr_ros2/ros2_ws/install/my_robot_description/lib/python3.10/site-packages'
[3.747s] Level 1:colcon.colcon_core.environment:checking '/home/rajasbhatnagar/projects/warehouse_amr_ros2/ros2_ws/install/my_robot_description/bin'
[3.748s] INFO:colcon.colcon_core.shell:Creating package script '/home/rajasbhatnagar/projects/warehouse_amr_ros2/ros2_ws/install/my_robot_description/share/my_robot_description/package.ps1'
[3.748s] INFO:colcon.colcon_core.shell:Creating package descriptor '/home/rajasbhatnagar/projects/warehouse_amr_ros2/ros2_ws/install/my_robot_description/share/my_robot_description/package.dsv'
[3.748s] INFO:colcon.colcon_core.shell:Creating package script '/home/rajasbhatnagar/projects/warehouse_amr_ros2/ros2_ws/install/my_robot_description/share/my_robot_description/package.sh'
[3.748s] INFO:colcon.colcon_core.shell:Creating package script '/home/rajasbhatnagar/projects/warehouse_amr_ros2/ros2_ws/install/my_robot_description/share/my_robot_description/package.bash'
[3.749s] INFO:colcon.colcon_core.shell:Creating package script '/home/rajasbhatnagar/projects/warehouse_amr_ros2/ros2_ws/install/my_robot_description/share/my_robot_description/package.zsh'
[3.749s] Level 1:colcon.colcon_core.environment:create_file_with_runtime_dependencies(/home/rajasbhatnagar/projects/warehouse_amr_ros2/ros2_ws/install/my_robot_description/share/colcon-core/packages/my_robot_description)
[3.749s] Level 1:colcon.colcon_core.environment:create_environment_scripts_only(my_robot_description)
[3.750s] Level 1:colcon.colcon_core.environment:checking '/home/rajasbhatnagar/projects/warehouse_amr_ros2/ros2_ws/install/my_robot_description' for CMake module files
[3.750s] Level 1:colcon.colcon_core.environment:checking '/home/rajasbhatnagar/projects/warehouse_amr_ros2/ros2_ws/install/my_robot_description' for CMake config files
[3.750s] Level 1:colcon.colcon_core.shell:create_environment_hook('my_robot_description', 'cmake_prefix_path')
[3.750s] INFO:colcon.colcon_core.shell:Creating environment hook '/home/rajasbhatnagar/projects/warehouse_amr_ros2/ros2_ws/install/my_robot_description/share/my_robot_description/hook/cmake_prefix_path.ps1'
[3.750s] INFO:colcon.colcon_core.shell:Creating environment descriptor '/home/rajasbhatnagar/projects/warehouse_amr_ros2/ros2_ws/install/my_robot_description/share/my_robot_description/hook/cmake_prefix_path.dsv'
[3.750s] INFO:colcon.colcon_core.shell:Creating environment hook '/home/rajasbhatnagar/projects/warehouse_amr_ros2/ros2_ws/install/my_robot_description/share/my_robot_description/hook/cmake_prefix_path.sh'
[3.751s] Level 1:colcon.colcon_core.environment:checking '/home/rajasbhatnagar/projects/warehouse_amr_ros2/ros2_ws/install/my_robot_description/bin'
[3.751s] Level 1:colcon.colcon_core.environment:checking '/home/rajasbhatnagar/projects/warehouse_amr_ros2/ros2_ws/install/my_robot_description/lib/pkgconfig/my_robot_description.pc'
[3.751s] Level 1:colcon.colcon_core.environment:checking '/home/rajasbhatnagar/projects/warehouse_amr_ros2/ros2_ws/install/my_robot_description/lib/python3.10/site-packages'
[3.751s] Level 1:colcon.colcon_core.environment:checking '/home/rajasbhatnagar/projects/warehouse_amr_ros2/ros2_ws/install/my_robot_description/bin'
[3.752s] INFO:colcon.colcon_core.shell:Creating package script '/home/rajasbhatnagar/projects/warehouse_amr_ros2/ros2_ws/install/my_robot_description/share/my_robot_description/package.ps1'
[3.752s] INFO:colcon.colcon_core.shell:Creating package descriptor '/home/rajasbhatnagar/projects/warehouse_amr_ros2/ros2_ws/install/my_robot_description/share/my_robot_description/package.dsv'
[3.752s] INFO:colcon.colcon_core.shell:Creating package script '/home/rajasbhatnagar/projects/warehouse_amr_ros2/ros2_ws/install/my_robot_description/share/my_robot_description/package.sh'
[3.752s] INFO:colcon.colcon_core.shell:Creating package script '/home/rajasbhatnagar/projects/warehouse_amr_ros2/ros2_ws/install/my_robot_description/share/my_robot_description/package.bash'
[3.753s] INFO:colcon.colcon_core.shell:Creating package script '/home/rajasbhatnagar/projects/warehouse_amr_ros2/ros2_ws/install/my_robot_description/share/my_robot_description/package.zsh'
[3.753s] Level 1:colcon.colcon_core.environment:create_file_with_runtime_dependencies(/home/rajasbhatnagar/projects/warehouse_amr_ros2/ros2_ws/install/my_robot_description/share/colcon-core/packages/my_robot_description)
[3.753s] DEBUG:colcon.colcon_parallel_executor.executor.parallel:closing loop
[3.754s] DEBUG:colcon.colcon_parallel_executor.executor.parallel:loop closed
[3.754s] DEBUG:colcon.colcon_parallel_executor.executor.parallel:run_until_complete finished with '0'
[3.754s] DEBUG:colcon.colcon_core.event_reactor:joining thread
[3.844s] INFO:colcon.colcon_core.plugin_system:Skipping extension 'colcon_notification.desktop_notification.notify_send': Could not find 'notify-send'
[3.844s] INFO:colcon.colcon_core.plugin_system:Skipping extension 'colcon_notification.desktop_notification.terminal_notifier': Not used on non-Darwin systems
[3.844s] INFO:colcon.colcon_core.plugin_system:Skipping extension 'colcon_notification.desktop_notification.win32': Not used on non-Windows systems
[3.844s] INFO:colcon.colcon_notification.desktop_notification:Sending desktop notification using 'notify2'
[3.845s] DEBUG:colcon.colcon_notification.desktop_notification.notify2:Failed to initialize notify2: org.freedesktop.DBus.Error.FileNotFound: Failed to connect to socket /run/user/1000/bus: No such file or directory
[3.845s] DEBUG:colcon.colcon_core.event_reactor:joined thread
[3.845s] INFO:colcon.colcon_core.shell:Creating prefix script '/home/rajasbhatnagar/projects/warehouse_amr_ros2/ros2_ws/install/local_setup.ps1'
[3.846s] INFO:colcon.colcon_core.shell:Creating prefix util module '/home/rajasbhatnagar/projects/warehouse_amr_ros2/ros2_ws/install/_local_setup_util_ps1.py'
[3.847s] INFO:colcon.colcon_core.shell:Creating prefix chain script '/home/rajasbhatnagar/projects/warehouse_amr_ros2/ros2_ws/install/setup.ps1'
[3.848s] INFO:colcon.colcon_core.shell:Creating prefix script '/home/rajasbhatnagar/projects/warehouse_amr_ros2/ros2_ws/install/local_setup.sh'
[3.849s] INFO:colcon.colcon_core.shell:Creating prefix util module '/home/rajasbhatnagar/projects/warehouse_amr_ros2/ros2_ws/install/_local_setup_util_sh.py'
[3.849s] INFO:colcon.colcon_core.shell:Creating prefix chain script '/home/rajasbhatnagar/projects/warehouse_amr_ros2/ros2_ws/install/setup.sh'
[3.850s] INFO:colcon.colcon_core.shell:Creating prefix script '/home/rajasbhatnagar/projects/warehouse_amr_ros2/ros2_ws/install/local_setup.bash'
[3.850s] INFO:colcon.colcon_core.shell:Creating prefix chain script '/home/rajasbhatnagar/projects/warehouse_amr_ros2/ros2_ws/install/setup.bash'
[3.851s] INFO:colcon.colcon_core.shell:Creating prefix script '/home/rajasbhatnagar/projects/warehouse_amr_ros2/ros2_ws/install/local_setup.zsh'
[3.852s] INFO:colcon.colcon_core.shell:Creating prefix chain script '/home/rajasbhatnagar/projects/warehouse_amr_ros2/ros2_ws/install/setup.zsh'
