[0.019s] Invoking command in '/home/rajasbhatnagar/projects/warehouse_amr_ros2/ros2_ws/build/my_robot_description': CMAKE_PREFIX_PATH=${CMAKE_PREFIX_PATH}:/opt/ros/humble /usr/bin/cmake /home/rajasbhatnagar/projects/warehouse_amr_ros2/ros2_ws/src/my_robot_description -DCMAKE_INSTALL_PREFIX=/home/rajasbhatnagar/projects/warehouse_amr_ros2/ros2_ws/install/my_robot_description
[0.358s] -- The C compiler identification is GNU 11.4.0
[1.461s] -- The CXX compiler identification is GNU 11.4.0
[2.303s] -- Detecting C compiler ABI info
[2.589s] -- Detecting C compiler ABI info - done
[2.595s] -- Check for working C compiler: /usr/bin/cc - skipped
[2.600s] -- Detecting C compile features
[2.601s] -- Detecting C compile features - done
[2.605s] -- Detecting CXX compiler ABI info
[2.843s] -- Detecting CXX compiler ABI info - done
[2.848s] -- Check for working CXX compiler: /usr/bin/c++ - skipped
[2.848s] -- Detecting CXX compile features
[2.849s] -- Detecting CXX compile features - done
[2.855s] -- Found ament_cmake: 1.3.14 (/opt/ros/humble/share/ament_cmake/cmake)
[2.961s] -- Found Python3: /usr/bin/python3 (found version "3.10.12") found components: Interpreter 
[3.041s] -- Found ament_lint_auto: 0.12.15 (/opt/ros/humble/share/ament_lint_auto/cmake)
[3.102s] -- Added test 'lint_cmake' to check CMake code style
[3.103s] -- Added test 'xmllint' to check XML markup files
[3.105s] -- Configuring done
[3.108s] -- Generating done
[3.109s] -- Build files have been written to: /home/rajasbhatnagar/projects/warehouse_amr_ros2/ros2_ws/build/my_robot_description
[3.112s] Invoked command in '/home/rajasbhatnagar/projects/warehouse_amr_ros2/ros2_ws/build/my_robot_description' returned '0': CMAKE_PREFIX_PATH=${CMAKE_PREFIX_PATH}:/opt/ros/humble /usr/bin/cmake /home/rajasbhatnagar/projects/warehouse_amr_ros2/ros2_ws/src/my_robot_description -DCMAKE_INSTALL_PREFIX=/home/rajasbhatnagar/projects/warehouse_amr_ros2/ros2_ws/install/my_robot_description
[3.113s] Invoking command in '/home/rajasbhatnagar/projects/warehouse_amr_ros2/ros2_ws/build/my_robot_description': CMAKE_PREFIX_PATH=${CMAKE_PREFIX_PATH}:/opt/ros/humble /usr/bin/cmake --build /home/rajasbhatnagar/projects/warehouse_amr_ros2/ros2_ws/build/my_robot_description -- -j12 -l12
[3.139s] Invoked command in '/home/rajasbhatnagar/projects/warehouse_amr_ros2/ros2_ws/build/my_robot_description' returned '0': CMAKE_PREFIX_PATH=${CMAKE_PREFIX_PATH}:/opt/ros/humble /usr/bin/cmake --build /home/rajasbhatnagar/projects/warehouse_amr_ros2/ros2_ws/build/my_robot_description -- -j12 -l12
[3.141s] Invoking command in '/home/rajasbhatnagar/projects/warehouse_amr_ros2/ros2_ws/build/my_robot_description': CMAKE_PREFIX_PATH=${CMAKE_PREFIX_PATH}:/opt/ros/humble /usr/bin/cmake --install /home/rajasbhatnagar/projects/warehouse_amr_ros2/ros2_ws/build/my_robot_description
[3.146s] -- Install configuration: ""
[3.146s] -- Installing: /home/rajasbhatnagar/projects/warehouse_amr_ros2/ros2_ws/install/my_robot_description/share/ament_index/resource_index/package_run_dependencies/my_robot_description
[3.146s] -- Installing: /home/rajasbhatnagar/projects/warehouse_amr_ros2/ros2_ws/install/my_robot_description/share/ament_index/resource_index/parent_prefix_path/my_robot_description
[3.147s] -- Installing: /home/rajasbhatnagar/projects/warehouse_amr_ros2/ros2_ws/install/my_robot_description/share/my_robot_description/environment/ament_prefix_path.sh
[3.147s] -- Installing: /home/rajasbhatnagar/projects/warehouse_amr_ros2/ros2_ws/install/my_robot_description/share/my_robot_description/environment/ament_prefix_path.dsv
[3.147s] -- Installing: /home/rajasbhatnagar/projects/warehouse_amr_ros2/ros2_ws/install/my_robot_description/share/my_robot_description/environment/path.sh
[3.147s] -- Installing: /home/rajasbhatnagar/projects/warehouse_amr_ros2/ros2_ws/install/my_robot_description/share/my_robot_description/environment/path.dsv
[3.147s] -- Installing: /home/rajasbhatnagar/projects/warehouse_amr_ros2/ros2_ws/install/my_robot_description/share/my_robot_description/local_setup.bash
[3.147s] -- Installing: /home/rajasbhatnagar/projects/warehouse_amr_ros2/ros2_ws/install/my_robot_description/share/my_robot_description/local_setup.sh
[3.147s] -- Installing: /home/rajasbhatnagar/projects/warehouse_amr_ros2/ros2_ws/install/my_robot_description/share/my_robot_description/local_setup.zsh
[3.147s] -- Installing: /home/rajasbhatnagar/projects/warehouse_amr_ros2/ros2_ws/install/my_robot_description/share/my_robot_description/local_setup.dsv
[3.147s] -- Installing: /home/rajasbhatnagar/projects/warehouse_amr_ros2/ros2_ws/install/my_robot_description/share/my_robot_description/package.dsv
[3.148s] -- Installing: /home/rajasbhatnagar/projects/warehouse_amr_ros2/ros2_ws/install/my_robot_description/share/ament_index/resource_index/packages/my_robot_description
[3.148s] -- Installing: /home/rajasbhatnagar/projects/warehouse_amr_ros2/ros2_ws/install/my_robot_description/share/my_robot_description/cmake/my_robot_descriptionConfig.cmake
[3.148s] -- Installing: /home/rajasbhatnagar/projects/warehouse_amr_ros2/ros2_ws/install/my_robot_description/share/my_robot_description/cmake/my_robot_descriptionConfig-version.cmake
[3.148s] -- Installing: /home/rajasbhatnagar/projects/warehouse_amr_ros2/ros2_ws/install/my_robot_description/share/my_robot_description/package.xml
[3.150s] Invoked command in '/home/rajasbhatnagar/projects/warehouse_amr_ros2/ros2_ws/build/my_robot_description' returned '0': CMAKE_PREFIX_PATH=${CMAKE_PREFIX_PATH}:/opt/ros/humble /usr/bin/cmake --install /home/rajasbhatnagar/projects/warehouse_amr_ros2/ros2_ws/build/my_robot_description
