[35m[1mConsolidate compiler generated dependencies of target listener[0m
[35m[1mConsolidate compiler generated dependencies of target dynamic_broadcaster[0m
[ 50%] Built target dynamic_broadcaster
[100%] Built target listener
-- Install configuration: ""
-- Up-to-date: /home/rajasbhatnagar/projects/warehouse_amr_ros2/ros2_ws/install/tf2_demo_cpp/lib/tf2_demo_cpp/dynamic_broadcaster
-- Up-to-date: /home/rajasbhatnagar/projects/warehouse_amr_ros2/ros2_ws/install/tf2_demo_cpp/lib/tf2_demo_cpp/listener
-- Up-to-date: /home/rajasbhatnagar/projects/warehouse_amr_ros2/ros2_ws/install/tf2_demo_cpp/share/ament_index/resource_index/package_run_dependencies/tf2_demo_cpp
-- Up-to-date: /home/rajasbhatnagar/projects/warehouse_amr_ros2/ros2_ws/install/tf2_demo_cpp/share/ament_index/resource_index/parent_prefix_path/tf2_demo_cpp
-- Up-to-date: /home/rajasbhatnagar/projects/warehouse_amr_ros2/ros2_ws/install/tf2_demo_cpp/share/tf2_demo_cpp/environment/ament_prefix_path.sh
-- Up-to-date: /home/rajasbhatnagar/projects/warehouse_amr_ros2/ros2_ws/install/tf2_demo_cpp/share/tf2_demo_cpp/environment/ament_prefix_path.dsv
-- Up-to-date: /home/rajasbhatnagar/projects/warehouse_amr_ros2/ros2_ws/install/tf2_demo_cpp/share/tf2_demo_cpp/environment/path.sh
-- Up-to-date: /home/rajasbhatnagar/projects/warehouse_amr_ros2/ros2_ws/install/tf2_demo_cpp/share/tf2_demo_cpp/environment/path.dsv
-- Up-to-date: /home/rajasbhatnagar/projects/warehouse_amr_ros2/ros2_ws/install/tf2_demo_cpp/share/tf2_demo_cpp/local_setup.bash
-- Up-to-date: /home/rajasbhatnagar/projects/warehouse_amr_ros2/ros2_ws/install/tf2_demo_cpp/share/tf2_demo_cpp/local_setup.sh
-- Up-to-date: /home/rajasbhatnagar/projects/warehouse_amr_ros2/ros2_ws/install/tf2_demo_cpp/share/tf2_demo_cpp/local_setup.zsh
-- Up-to-date: /home/rajasbhatnagar/projects/warehouse_amr_ros2/ros2_ws/install/tf2_demo_cpp/share/tf2_demo_cpp/local_setup.dsv
-- Installing: /home/rajasbhatnagar/projects/warehouse_amr_ros2/ros2_ws/install/tf2_demo_cpp/share/tf2_demo_cpp/package.dsv
-- Up-to-date: /home/rajasbhatnagar/projects/warehouse_amr_ros2/ros2_ws/install/tf2_demo_cpp/share/ament_index/resource_index/packages/tf2_demo_cpp
-- Up-to-date: /home/rajasbhatnagar/projects/warehouse_amr_ros2/ros2_ws/install/tf2_demo_cpp/share/tf2_demo_cpp/cmake/tf2_demo_cppConfig.cmake
-- Up-to-date: /home/rajasbhatnagar/projects/warehouse_amr_ros2/ros2_ws/install/tf2_demo_cpp/share/tf2_demo_cpp/cmake/tf2_demo_cppConfig-version.cmake
-- Up-to-date: /home/rajasbhatnagar/projects/warehouse_amr_ros2/ros2_ws/install/tf2_demo_cpp/share/tf2_demo_cpp/package.xml
