[0.013s] Invoking command in '/home/rajasbhatnagar/projects/warehouse_amr_ros2/ros2_ws/build/tf2_demo_cpp': CMAKE_PREFIX_PATH=/opt/ros/humble /usr/bin/cmake --build /home/rajasbhatnagar/projects/warehouse_amr_ros2/ros2_ws/build/tf2_demo_cpp -- -j12 -l12
[0.089s] [35m[1mConsolidate compiler generated dependencies of target listener[0m
[0.089s] [35m[1mConsolidate compiler generated dependencies of target dynamic_broadcaster[0m
[0.102s] [ 50%] Built target dynamic_broadcaster
[0.103s] [100%] Built target listener
[0.112s] Invoked command in '/home/rajasbhatnagar/projects/warehouse_amr_ros2/ros2_ws/build/tf2_demo_cpp' returned '0': CMAKE_PREFIX_PATH=/opt/ros/humble /usr/bin/cmake --build /home/rajasbhatnagar/projects/warehouse_amr_ros2/ros2_ws/build/tf2_demo_cpp -- -j12 -l12
[0.122s] Invoking command in '/home/rajasbhatnagar/projects/warehouse_amr_ros2/ros2_ws/build/tf2_demo_cpp': CMAKE_PREFIX_PATH=/opt/ros/humble /usr/bin/cmake --install /home/rajasbhatnagar/projects/warehouse_amr_ros2/ros2_ws/build/tf2_demo_cpp
[0.128s] -- Install configuration: ""
[0.130s] -- Up-to-date: /home/rajasbhatnagar/projects/warehouse_amr_ros2/ros2_ws/install/tf2_demo_cpp/lib/tf2_demo_cpp/dynamic_broadcaster
[0.131s] -- Up-to-date: /home/rajasbhatnagar/projects/warehouse_amr_ros2/ros2_ws/install/tf2_demo_cpp/lib/tf2_demo_cpp/listener
[0.131s] -- Up-to-date: /home/rajasbhatnagar/projects/warehouse_amr_ros2/ros2_ws/install/tf2_demo_cpp/share/ament_index/resource_index/package_run_dependencies/tf2_demo_cpp
[0.131s] -- Up-to-date: /home/rajasbhatnagar/projects/warehouse_amr_ros2/ros2_ws/install/tf2_demo_cpp/share/ament_index/resource_index/parent_prefix_path/tf2_demo_cpp
[0.131s] -- Up-to-date: /home/rajasbhatnagar/projects/warehouse_amr_ros2/ros2_ws/install/tf2_demo_cpp/share/tf2_demo_cpp/environment/ament_prefix_path.sh
[0.132s] -- Up-to-date: /home/rajasbhatnagar/projects/warehouse_amr_ros2/ros2_ws/install/tf2_demo_cpp/share/tf2_demo_cpp/environment/ament_prefix_path.dsv
[0.132s] -- Up-to-date: /home/rajasbhatnagar/projects/warehouse_amr_ros2/ros2_ws/install/tf2_demo_cpp/share/tf2_demo_cpp/environment/path.sh
[0.132s] -- Up-to-date: /home/rajasbhatnagar/projects/warehouse_amr_ros2/ros2_ws/install/tf2_demo_cpp/share/tf2_demo_cpp/environment/path.dsv
[0.132s] -- Up-to-date: /home/rajasbhatnagar/projects/warehouse_amr_ros2/ros2_ws/install/tf2_demo_cpp/share/tf2_demo_cpp/local_setup.bash
[0.132s] -- Up-to-date: /home/rajasbhatnagar/projects/warehouse_amr_ros2/ros2_ws/install/tf2_demo_cpp/share/tf2_demo_cpp/local_setup.sh
[0.132s] -- Up-to-date: /home/rajasbhatnagar/projects/warehouse_amr_ros2/ros2_ws/install/tf2_demo_cpp/share/tf2_demo_cpp/local_setup.zsh
[0.132s] -- Up-to-date: /home/rajasbhatnagar/projects/warehouse_amr_ros2/ros2_ws/install/tf2_demo_cpp/share/tf2_demo_cpp/local_setup.dsv
[0.132s] -- Installing: /home/rajasbhatnagar/projects/warehouse_amr_ros2/ros2_ws/install/tf2_demo_cpp/share/tf2_demo_cpp/package.dsv
[0.133s] -- Up-to-date: /home/rajasbhatnagar/projects/warehouse_amr_ros2/ros2_ws/install/tf2_demo_cpp/share/ament_index/resource_index/packages/tf2_demo_cpp
[0.133s] -- Up-to-date: /home/rajasbhatnagar/projects/warehouse_amr_ros2/ros2_ws/install/tf2_demo_cpp/share/tf2_demo_cpp/cmake/tf2_demo_cppConfig.cmake
[0.133s] -- Up-to-date: /home/rajasbhatnagar/projects/warehouse_amr_ros2/ros2_ws/install/tf2_demo_cpp/share/tf2_demo_cpp/cmake/tf2_demo_cppConfig-version.cmake
[0.133s] -- Up-to-date: /home/rajasbhatnagar/projects/warehouse_amr_ros2/ros2_ws/install/tf2_demo_cpp/share/tf2_demo_cpp/package.xml
[0.135s] Invoked command in '/home/rajasbhatnagar/projects/warehouse_amr_ros2/ros2_ws/build/tf2_demo_cpp' returned '0': CMAKE_PREFIX_PATH=/opt/ros/humble /usr/bin/cmake --install /home/rajasbhatnagar/projects/warehouse_amr_ros2/ros2_ws/build/tf2_demo_cpp
