[0.014s] Invoking command in '/home/rajasbhatnagar/projects/warehouse_amr_ros2/ros2_ws/build/tf2_demo_cpp': CMAKE_PREFIX_PATH=${CMAKE_PREFIX_PATH}:/opt/ros/humble /usr/bin/cmake --build /home/rajasbhatnagar/projects/warehouse_amr_ros2/ros2_ws/build/tf2_demo_cpp -- -j12 -l12
[0.052s] -- Found ament_cmake: 1.3.14 (/opt/ros/humble/share/ament_cmake/cmake)
[0.188s] -- Found rclcpp: 16.0.18 (/opt/ros/humble/share/rclcpp/cmake)
[0.544s] -- Found rosidl_generator_c: 3.1.8 (/opt/ros/humble/share/rosidl_generator_c/cmake)
[0.547s] -- Found rosidl_adapter: 3.1.8 (/opt/ros/humble/share/rosidl_adapter/cmake)
[0.555s] -- Found rosidl_generator_cpp: 3.1.8 (/opt/ros/humble/share/rosidl_generator_cpp/cmake)
[0.569s] -- Using all available rosidl_typesupport_c: rosidl_typesupport_fastrtps_c;rosidl_typesupport_introspection_c
[0.583s] -- Using all available rosidl_typesupport_cpp: rosidl_typesupport_fastrtps_cpp;rosidl_typesupport_introspection_cpp
[0.624s] -- Found rmw_implementation_cmake: 6.1.2 (/opt/ros/humble/share/rmw_implementation_cmake/cmake)
[0.627s] -- Found rmw_fastrtps_cpp: 6.2.10 (/opt/ros/humble/share/rmw_fastrtps_cpp/cmake)
[12.156s] -- Using RMW implementation 'rmw_fastrtps_cpp' as default
[12.225s] -- Found tf2: 0.25.19 (/opt/ros/humble/share/tf2/cmake)
[12.244s] -- Found tf2_ros: 0.25.19 (/opt/ros/humble/share/tf2_ros/cmake)
[12.338s] -- Found ament_lint_auto: 0.12.15 (/opt/ros/humble/share/ament_lint_auto/cmake)
[12.424s] -- Added test 'cppcheck' to perform static code analysis on C / C++ code
[12.424s] -- Configured cppcheck include dirs: 
[12.424s] -- Configured cppcheck exclude dirs and/or files: 
[12.425s] -- Added test 'lint_cmake' to check CMake code style
[12.426s] -- Added test 'uncrustify' to check C / C++ code style
[12.427s] -- Configured uncrustify additional arguments: 
[12.427s] -- Added test 'xmllint' to check XML markup files
[12.429s] -- Configuring done
[12.451s] -- Generating done
[12.457s] -- Build files have been written to: /home/rajasbhatnagar/projects/warehouse_amr_ros2/ros2_ws/build/tf2_demo_cpp
[12.487s] [ 25%] [32mBuilding CXX object CMakeFiles/dynamic_broadcaster.dir/src/dynamic_broadcaster.cpp.o[0m
[12.488s] [ 50%] [32mBuilding CXX object CMakeFiles/listener.dir/src/listener.cpp.o[0m
[16.573s] [ 75%] [32m[1mLinking CXX executable listener[0m
[17.111s] [ 75%] Built target listener
[17.340s] [100%] [32m[1mLinking CXX executable dynamic_broadcaster[0m
[17.704s] [100%] Built target dynamic_broadcaster
[17.715s] Invoked command in '/home/rajasbhatnagar/projects/warehouse_amr_ros2/ros2_ws/build/tf2_demo_cpp' returned '0': CMAKE_PREFIX_PATH=${CMAKE_PREFIX_PATH}:/opt/ros/humble /usr/bin/cmake --build /home/rajasbhatnagar/projects/warehouse_amr_ros2/ros2_ws/build/tf2_demo_cpp -- -j12 -l12
[17.729s] Invoking command in '/home/rajasbhatnagar/projects/warehouse_amr_ros2/ros2_ws/build/tf2_demo_cpp': CMAKE_PREFIX_PATH=${CMAKE_PREFIX_PATH}:/opt/ros/humble /usr/bin/cmake --install /home/rajasbhatnagar/projects/warehouse_amr_ros2/ros2_ws/build/tf2_demo_cpp
[17.731s] -- Install configuration: ""
[17.731s] -- Installing: /home/rajasbhatnagar/projects/warehouse_amr_ros2/ros2_ws/install/tf2_demo_cpp/lib/tf2_demo_cpp/dynamic_broadcaster
[17.732s] -- Set runtime path of "/home/rajasbhatnagar/projects/warehouse_amr_ros2/ros2_ws/install/tf2_demo_cpp/lib/tf2_demo_cpp/dynamic_broadcaster" to ""
[17.732s] -- Installing: /home/rajasbhatnagar/projects/warehouse_amr_ros2/ros2_ws/install/tf2_demo_cpp/lib/tf2_demo_cpp/listener
[17.732s] -- Set runtime path of "/home/rajasbhatnagar/projects/warehouse_amr_ros2/ros2_ws/install/tf2_demo_cpp/lib/tf2_demo_cpp/listener" to ""
[17.733s] -- Up-to-date: /home/rajasbhatnagar/projects/warehouse_amr_ros2/ros2_ws/install/tf2_demo_cpp/share/ament_index/resource_index/package_run_dependencies/tf2_demo_cpp
[17.733s] -- Installing: /home/rajasbhatnagar/projects/warehouse_amr_ros2/ros2_ws/install/tf2_demo_cpp/share/ament_index/resource_index/parent_prefix_path/tf2_demo_cpp
[17.734s] -- Up-to-date: /home/rajasbhatnagar/projects/warehouse_amr_ros2/ros2_ws/install/tf2_demo_cpp/share/tf2_demo_cpp/environment/ament_prefix_path.sh
[17.734s] -- Installing: /home/rajasbhatnagar/projects/warehouse_amr_ros2/ros2_ws/install/tf2_demo_cpp/share/tf2_demo_cpp/environment/ament_prefix_path.dsv
[17.734s] -- Up-to-date: /home/rajasbhatnagar/projects/warehouse_amr_ros2/ros2_ws/install/tf2_demo_cpp/share/tf2_demo_cpp/environment/path.sh
[17.734s] -- Installing: /home/rajasbhatnagar/projects/warehouse_amr_ros2/ros2_ws/install/tf2_demo_cpp/share/tf2_demo_cpp/environment/path.dsv
[17.734s] -- Up-to-date: /home/rajasbhatnagar/projects/warehouse_amr_ros2/ros2_ws/install/tf2_demo_cpp/share/tf2_demo_cpp/local_setup.bash
[17.734s] -- Up-to-date: /home/rajasbhatnagar/projects/warehouse_amr_ros2/ros2_ws/install/tf2_demo_cpp/share/tf2_demo_cpp/local_setup.sh
[17.734s] -- Up-to-date: /home/rajasbhatnagar/projects/warehouse_amr_ros2/ros2_ws/install/tf2_demo_cpp/share/tf2_demo_cpp/local_setup.zsh
[17.735s] -- Installing: /home/rajasbhatnagar/projects/warehouse_amr_ros2/ros2_ws/install/tf2_demo_cpp/share/tf2_demo_cpp/local_setup.dsv
[17.735s] -- Installing: /home/rajasbhatnagar/projects/warehouse_amr_ros2/ros2_ws/install/tf2_demo_cpp/share/tf2_demo_cpp/package.dsv
[17.735s] -- Up-to-date: /home/rajasbhatnagar/projects/warehouse_amr_ros2/ros2_ws/install/tf2_demo_cpp/share/ament_index/resource_index/packages/tf2_demo_cpp
[17.735s] -- Up-to-date: /home/rajasbhatnagar/projects/warehouse_amr_ros2/ros2_ws/install/tf2_demo_cpp/share/tf2_demo_cpp/cmake/tf2_demo_cppConfig.cmake
[17.735s] -- Up-to-date: /home/rajasbhatnagar/projects/warehouse_amr_ros2/ros2_ws/install/tf2_demo_cpp/share/tf2_demo_cpp/cmake/tf2_demo_cppConfig-version.cmake
[17.735s] -- Up-to-date: /home/rajasbhatnagar/projects/warehouse_amr_ros2/ros2_ws/install/tf2_demo_cpp/share/tf2_demo_cpp/package.xml
[17.738s] Invoked command in '/home/rajasbhatnagar/projects/warehouse_amr_ros2/ros2_ws/build/tf2_demo_cpp' returned '0': CMAKE_PREFIX_PATH=${CMAKE_PREFIX_PATH}:/opt/ros/humble /usr/bin/cmake --install /home/rajasbhatnagar/projects/warehouse_amr_ros2/ros2_ws/build/tf2_demo_cpp
