[0.401s] DEBUG:colcon:Command line arguments: ['/usr/bin/colcon', 'build']
[0.402s] DEBUG:colcon:Parsed command line arguments: Namespace(log_base=None, log_level=None, verb_name='build', build_base='build', install_base='install', merge_install=False, symlink_install=False, test_result_base=None, continue_on_error=False, executor='parallel', parallel_workers=12, event_handlers=None, ignore_user_meta=False, metas=['./colcon.meta'], base_paths=['.'], packages_ignore=None, packages_ignore_regex=None, paths=None, packages_up_to=None, packages_up_to_regex=None, packages_above=None, packages_above_and_dependencies=None, packages_above_depth=None, packages_select_by_dep=None, packages_skip_by_dep=None, packages_skip_up_to=None, packages_select_build_failed=False, packages_skip_build_finished=False, packages_select_test_failures=False, packages_skip_test_passed=False, packages_select=None, packages_skip=None, packages_select_regex=None, packages_skip_regex=None, packages_start=None, packages_end=None, allow_overriding=[], cmake_args=None, cmake_target=None, cmake_target_skip_unavailable=False, cmake_clean_cache=False, cmake_clean_first=False, cmake_force_configure=False, ament_cmake_args=None, catkin_cmake_args=None, catkin_skip_building_tests=False, verb_parser=<colcon_defaults.argument_parser.defaults.DefaultArgumentsDecorator object at 0x7f6064a1ae60>, verb_extension=<colcon_core.verb.build.BuildVerb object at 0x7f6064a1a950>, main=<bound method BuildVerb.main of <colcon_core.verb.build.BuildVerb object at 0x7f6064a1a950>>)
[0.637s] Level 1:colcon.colcon_core.package_discovery:discover_packages(colcon_meta) check parameters
[0.637s] Level 1:colcon.colcon_core.package_discovery:discover_packages(recursive) check parameters
[0.637s] Level 1:colcon.colcon_core.package_discovery:discover_packages(ignore) check parameters
[0.637s] Level 1:colcon.colcon_core.package_discovery:discover_packages(path) check parameters
[0.637s] Level 1:colcon.colcon_core.package_discovery:discover_packages(colcon_meta) discover
[0.637s] Level 1:colcon.colcon_core.package_discovery:discover_packages(recursive) discover
[0.637s] INFO:colcon.colcon_core.package_discovery:Crawling recursively for packages in '/home/rajasbhatnagar/projects/warehouse_amr_ros2/ros2_ws'
[0.637s] Level 1:colcon.colcon_core.package_identification:_identify(.) by extensions ['ignore', 'ignore_ament_install']
[0.637s] Level 1:colcon.colcon_core.package_identification:_identify(.) by extension 'ignore'
[0.638s] Level 1:colcon.colcon_core.package_identification:_identify(.) by extension 'ignore_ament_install'
[0.638s] Level 1:colcon.colcon_core.package_identification:_identify(.) by extensions ['colcon_pkg']
[0.638s] Level 1:colcon.colcon_core.package_identification:_identify(.) by extension 'colcon_pkg'
[0.638s] Level 1:colcon.colcon_core.package_identification:_identify(.) by extensions ['colcon_meta']
[0.638s] Level 1:colcon.colcon_core.package_identification:_identify(.) by extension 'colcon_meta'
[0.638s] Level 1:colcon.colcon_core.package_identification:_identify(.) by extensions ['ros']
[0.638s] Level 1:colcon.colcon_core.package_identification:_identify(.) by extension 'ros'
[0.651s] Level 1:colcon.colcon_core.package_identification:_identify(.) by extensions ['cmake', 'python']
[0.651s] Level 1:colcon.colcon_core.package_identification:_identify(.) by extension 'cmake'
[0.651s] Level 1:colcon.colcon_core.package_identification:_identify(.) by extension 'python'
[0.651s] Level 1:colcon.colcon_core.package_identification:_identify(.) by extensions ['python_setup_py']
[0.651s] Level 1:colcon.colcon_core.package_identification:_identify(.) by extension 'python_setup_py'
[0.652s] Level 1:colcon.colcon_core.package_identification:_identify(build) by extensions ['ignore', 'ignore_ament_install']
[0.652s] Level 1:colcon.colcon_core.package_identification:_identify(build) by extension 'ignore'
[0.652s] Level 1:colcon.colcon_core.package_identification:_identify(build) ignored
[0.652s] Level 1:colcon.colcon_core.package_identification:_identify(install) by extensions ['ignore', 'ignore_ament_install']
[0.652s] Level 1:colcon.colcon_core.package_identification:_identify(install) by extension 'ignore'
[0.652s] Level 1:colcon.colcon_core.package_identification:_identify(install) ignored
[0.652s] Level 1:colcon.colcon_core.package_identification:_identify(log) by extensions ['ignore', 'ignore_ament_install']
[0.652s] Level 1:colcon.colcon_core.package_identification:_identify(log) by extension 'ignore'
[0.652s] Level 1:colcon.colcon_core.package_identification:_identify(log) ignored
[0.652s] Level 1:colcon.colcon_core.package_identification:_identify(src) by extensions ['ignore', 'ignore_ament_install']
[0.652s] Level 1:colcon.colcon_core.package_identification:_identify(src) by extension 'ignore'
[0.652s] Level 1:colcon.colcon_core.package_identification:_identify(src) by extension 'ignore_ament_install'
[0.653s] Level 1:colcon.colcon_core.package_identification:_identify(src) by extensions ['colcon_pkg']
[0.653s] Level 1:colcon.colcon_core.package_identification:_identify(src) by extension 'colcon_pkg'
[0.653s] Level 1:colcon.colcon_core.package_identification:_identify(src) by extensions ['colcon_meta']
[0.653s] Level 1:colcon.colcon_core.package_identification:_identify(src) by extension 'colcon_meta'
[0.653s] Level 1:colcon.colcon_core.package_identification:_identify(src) by extensions ['ros']
[0.653s] Level 1:colcon.colcon_core.package_identification:_identify(src) by extension 'ros'
[0.653s] Level 1:colcon.colcon_core.package_identification:_identify(src) by extensions ['cmake', 'python']
[0.653s] Level 1:colcon.colcon_core.package_identification:_identify(src) by extension 'cmake'
[0.653s] Level 1:colcon.colcon_core.package_identification:_identify(src) by extension 'python'
[0.653s] Level 1:colcon.colcon_core.package_identification:_identify(src) by extensions ['python_setup_py']
[0.653s] Level 1:colcon.colcon_core.package_identification:_identify(src) by extension 'python_setup_py'
[0.654s] Level 1:colcon.colcon_core.package_identification:_identify(src/tf2_demo_cpp) by extensions ['ignore', 'ignore_ament_install']
[0.654s] Level 1:colcon.colcon_core.package_identification:_identify(src/tf2_demo_cpp) by extension 'ignore'
[0.654s] Level 1:colcon.colcon_core.package_identification:_identify(src/tf2_demo_cpp) by extension 'ignore_ament_install'
[0.654s] Level 1:colcon.colcon_core.package_identification:_identify(src/tf2_demo_cpp) by extensions ['colcon_pkg']
[0.654s] Level 1:colcon.colcon_core.package_identification:_identify(src/tf2_demo_cpp) by extension 'colcon_pkg'
[0.654s] Level 1:colcon.colcon_core.package_identification:_identify(src/tf2_demo_cpp) by extensions ['colcon_meta']
[0.654s] Level 1:colcon.colcon_core.package_identification:_identify(src/tf2_demo_cpp) by extension 'colcon_meta'
[0.654s] Level 1:colcon.colcon_core.package_identification:_identify(src/tf2_demo_cpp) by extensions ['ros']
[0.654s] Level 1:colcon.colcon_core.package_identification:_identify(src/tf2_demo_cpp) by extension 'ros'
[0.657s] DEBUG:colcon.colcon_core.package_identification:Package 'src/tf2_demo_cpp' with type 'ros.ament_cmake' and name 'tf2_demo_cpp'
[0.657s] Level 1:colcon.colcon_core.package_discovery:discover_packages(recursive) using defaults
[0.657s] Level 1:colcon.colcon_core.package_discovery:discover_packages(ignore) discover
[0.657s] Level 1:colcon.colcon_core.package_discovery:discover_packages(ignore) using defaults
[0.657s] Level 1:colcon.colcon_core.package_discovery:discover_packages(path) discover
[0.657s] Level 1:colcon.colcon_core.package_discovery:discover_packages(path) using defaults
[0.686s] Level 1:colcon.colcon_core.package_discovery:discover_packages(prefix_path) check parameters
[0.686s] Level 1:colcon.colcon_core.package_discovery:discover_packages(prefix_path) discover
[0.689s] DEBUG:colcon.colcon_installed_package_information.package_discovery:Found 1 installed packages in /home/rajasbhatnagar/projects/warehouse_amr_ros2/ros2_ws/install
[0.691s] DEBUG:colcon.colcon_installed_package_information.package_discovery:Found 273 installed packages in /opt/ros/humble
[0.692s] Level 1:colcon.colcon_core.package_discovery:discover_packages(prefix_path) using defaults
[0.773s] Level 5:colcon.colcon_core.verb:set package 'tf2_demo_cpp' build argument 'cmake_args' from command line to 'None'
[0.773s] Level 5:colcon.colcon_core.verb:set package 'tf2_demo_cpp' build argument 'cmake_target' from command line to 'None'
[0.773s] Level 5:colcon.colcon_core.verb:set package 'tf2_demo_cpp' build argument 'cmake_target_skip_unavailable' from command line to 'False'
[0.773s] Level 5:colcon.colcon_core.verb:set package 'tf2_demo_cpp' build argument 'cmake_clean_cache' from command line to 'False'
[0.773s] Level 5:colcon.colcon_core.verb:set package 'tf2_demo_cpp' build argument 'cmake_clean_first' from command line to 'False'
[0.773s] Level 5:colcon.colcon_core.verb:set package 'tf2_demo_cpp' build argument 'cmake_force_configure' from command line to 'False'
[0.773s] Level 5:colcon.colcon_core.verb:set package 'tf2_demo_cpp' build argument 'ament_cmake_args' from command line to 'None'
[0.774s] Level 5:colcon.colcon_core.verb:set package 'tf2_demo_cpp' build argument 'catkin_cmake_args' from command line to 'None'
[0.774s] Level 5:colcon.colcon_core.verb:set package 'tf2_demo_cpp' build argument 'catkin_skip_building_tests' from command line to 'False'
[0.774s] DEBUG:colcon.colcon_core.verb:Building package 'tf2_demo_cpp' with the following arguments: {'ament_cmake_args': None, 'build_base': '/home/rajasbhatnagar/projects/warehouse_amr_ros2/ros2_ws/build/tf2_demo_cpp', 'catkin_cmake_args': None, 'catkin_skip_building_tests': False, 'cmake_args': None, 'cmake_clean_cache': False, 'cmake_clean_first': False, 'cmake_force_configure': False, 'cmake_target': None, 'cmake_target_skip_unavailable': False, 'install_base': '/home/rajasbhatnagar/projects/warehouse_amr_ros2/ros2_ws/install/tf2_demo_cpp', 'merge_install': False, 'path': '/home/rajasbhatnagar/projects/warehouse_amr_ros2/ros2_ws/src/tf2_demo_cpp', 'symlink_install': False, 'test_result_base': None}
[0.774s] INFO:colcon.colcon_core.executor:Executing jobs using 'parallel' executor
[0.775s] DEBUG:colcon.colcon_parallel_executor.executor.parallel:run_until_complete
[0.775s] INFO:colcon.colcon_ros.task.ament_cmake.build:Building ROS package in '/home/rajasbhatnagar/projects/warehouse_amr_ros2/ros2_ws/src/tf2_demo_cpp' with build type 'ament_cmake'
[0.775s] INFO:colcon.colcon_cmake.task.cmake.build:Building CMake package in '/home/rajasbhatnagar/projects/warehouse_amr_ros2/ros2_ws/src/tf2_demo_cpp'
[0.781s] INFO:colcon.colcon_core.plugin_system:Skipping extension 'colcon_core.shell.bat': Not used on non-Windows systems
[0.781s] INFO:colcon.colcon_core.shell:Skip shell extension 'powershell' for command environment: Not usable outside of PowerShell
[0.781s] DEBUG:colcon.colcon_core.shell:Skip shell extension 'dsv' for command environment
[0.790s] DEBUG:colcon.colcon_core.event_handler.log_command:Invoking command in '/home/rajasbhatnagar/projects/warehouse_amr_ros2/ros2_ws/build/tf2_demo_cpp': CMAKE_PREFIX_PATH=${CMAKE_PREFIX_PATH}:/opt/ros/humble /usr/bin/cmake --build /home/rajasbhatnagar/projects/warehouse_amr_ros2/ros2_ws/build/tf2_demo_cpp -- -j12 -l12
[17.022s] DEBUG:colcon.colcon_core.event_handler.log_command:Invoked command in '/home/rajasbhatnagar/projects/warehouse_amr_ros2/ros2_ws/build/tf2_demo_cpp' returned '0': CMAKE_PREFIX_PATH=${CMAKE_PREFIX_PATH}:/opt/ros/humble /usr/bin/cmake --build /home/rajasbhatnagar/projects/warehouse_amr_ros2/ros2_ws/build/tf2_demo_cpp -- -j12 -l12
[17.036s] DEBUG:colcon.colcon_core.event_handler.log_command:Invoking command in '/home/rajasbhatnagar/projects/warehouse_amr_ros2/ros2_ws/build/tf2_demo_cpp': CMAKE_PREFIX_PATH=${CMAKE_PREFIX_PATH}:/opt/ros/humble /usr/bin/cmake --install /home/rajasbhatnagar/projects/warehouse_amr_ros2/ros2_ws/build/tf2_demo_cpp
[17.044s] Level 1:colcon.colcon_core.environment:create_environment_scripts_only(tf2_demo_cpp)
[17.045s] DEBUG:colcon.colcon_core.event_handler.log_command:Invoked command in '/home/rajasbhatnagar/projects/warehouse_amr_ros2/ros2_ws/build/tf2_demo_cpp' returned '0': CMAKE_PREFIX_PATH=${CMAKE_PREFIX_PATH}:/opt/ros/humble /usr/bin/cmake --install /home/rajasbhatnagar/projects/warehouse_amr_ros2/ros2_ws/build/tf2_demo_cpp
[17.056s] Level 1:colcon.colcon_core.environment:checking '/home/rajasbhatnagar/projects/warehouse_amr_ros2/ros2_ws/install/tf2_demo_cpp' for CMake module files
[17.056s] Level 1:colcon.colcon_core.environment:checking '/home/rajasbhatnagar/projects/warehouse_amr_ros2/ros2_ws/install/tf2_demo_cpp' for CMake config files
[17.056s] Level 1:colcon.colcon_core.shell:create_environment_hook('tf2_demo_cpp', 'cmake_prefix_path')
[17.056s] INFO:colcon.colcon_core.shell:Creating environment hook '/home/rajasbhatnagar/projects/warehouse_amr_ros2/ros2_ws/install/tf2_demo_cpp/share/tf2_demo_cpp/hook/cmake_prefix_path.ps1'
[17.058s] INFO:colcon.colcon_core.shell:Creating environment descriptor '/home/rajasbhatnagar/projects/warehouse_amr_ros2/ros2_ws/install/tf2_demo_cpp/share/tf2_demo_cpp/hook/cmake_prefix_path.dsv'
[17.058s] INFO:colcon.colcon_core.shell:Creating environment hook '/home/rajasbhatnagar/projects/warehouse_amr_ros2/ros2_ws/install/tf2_demo_cpp/share/tf2_demo_cpp/hook/cmake_prefix_path.sh'
[17.059s] Level 1:colcon.colcon_core.environment:checking '/home/rajasbhatnagar/projects/warehouse_amr_ros2/ros2_ws/install/tf2_demo_cpp/lib'
[17.060s] Level 1:colcon.colcon_core.environment:checking '/home/rajasbhatnagar/projects/warehouse_amr_ros2/ros2_ws/install/tf2_demo_cpp/bin'
[17.060s] Level 1:colcon.colcon_core.environment:checking '/home/rajasbhatnagar/projects/warehouse_amr_ros2/ros2_ws/install/tf2_demo_cpp/lib/pkgconfig/tf2_demo_cpp.pc'
[17.060s] Level 1:colcon.colcon_core.environment:checking '/home/rajasbhatnagar/projects/warehouse_amr_ros2/ros2_ws/install/tf2_demo_cpp/lib/python3.10/site-packages'
[17.060s] Level 1:colcon.colcon_core.environment:checking '/home/rajasbhatnagar/projects/warehouse_amr_ros2/ros2_ws/install/tf2_demo_cpp/bin'
[17.061s] INFO:colcon.colcon_core.shell:Creating package script '/home/rajasbhatnagar/projects/warehouse_amr_ros2/ros2_ws/install/tf2_demo_cpp/share/tf2_demo_cpp/package.ps1'
[17.061s] INFO:colcon.colcon_core.shell:Creating package descriptor '/home/rajasbhatnagar/projects/warehouse_amr_ros2/ros2_ws/install/tf2_demo_cpp/share/tf2_demo_cpp/package.dsv'
[17.062s] INFO:colcon.colcon_core.shell:Creating package script '/home/rajasbhatnagar/projects/warehouse_amr_ros2/ros2_ws/install/tf2_demo_cpp/share/tf2_demo_cpp/package.sh'
[17.063s] INFO:colcon.colcon_core.shell:Creating package script '/home/rajasbhatnagar/projects/warehouse_amr_ros2/ros2_ws/install/tf2_demo_cpp/share/tf2_demo_cpp/package.bash'
[17.064s] INFO:colcon.colcon_core.shell:Creating package script '/home/rajasbhatnagar/projects/warehouse_amr_ros2/ros2_ws/install/tf2_demo_cpp/share/tf2_demo_cpp/package.zsh'
[17.066s] Level 1:colcon.colcon_core.environment:create_file_with_runtime_dependencies(/home/rajasbhatnagar/projects/warehouse_amr_ros2/ros2_ws/install/tf2_demo_cpp/share/colcon-core/packages/tf2_demo_cpp)
[17.069s] Level 1:colcon.colcon_core.environment:create_environment_scripts_only(tf2_demo_cpp)
[17.069s] Level 1:colcon.colcon_core.environment:checking '/home/rajasbhatnagar/projects/warehouse_amr_ros2/ros2_ws/install/tf2_demo_cpp' for CMake module files
[17.069s] Level 1:colcon.colcon_core.environment:checking '/home/rajasbhatnagar/projects/warehouse_amr_ros2/ros2_ws/install/tf2_demo_cpp' for CMake config files
[17.070s] Level 1:colcon.colcon_core.shell:create_environment_hook('tf2_demo_cpp', 'cmake_prefix_path')
[17.070s] INFO:colcon.colcon_core.shell:Creating environment hook '/home/rajasbhatnagar/projects/warehouse_amr_ros2/ros2_ws/install/tf2_demo_cpp/share/tf2_demo_cpp/hook/cmake_prefix_path.ps1'
[17.070s] INFO:colcon.colcon_core.shell:Creating environment descriptor '/home/rajasbhatnagar/projects/warehouse_amr_ros2/ros2_ws/install/tf2_demo_cpp/share/tf2_demo_cpp/hook/cmake_prefix_path.dsv'
[17.070s] INFO:colcon.colcon_core.shell:Creating environment hook '/home/rajasbhatnagar/projects/warehouse_amr_ros2/ros2_ws/install/tf2_demo_cpp/share/tf2_demo_cpp/hook/cmake_prefix_path.sh'
[17.071s] Level 1:colcon.colcon_core.environment:checking '/home/rajasbhatnagar/projects/warehouse_amr_ros2/ros2_ws/install/tf2_demo_cpp/lib'
[17.071s] Level 1:colcon.colcon_core.environment:checking '/home/rajasbhatnagar/projects/warehouse_amr_ros2/ros2_ws/install/tf2_demo_cpp/bin'
[17.071s] Level 1:colcon.colcon_core.environment:checking '/home/rajasbhatnagar/projects/warehouse_amr_ros2/ros2_ws/install/tf2_demo_cpp/lib/pkgconfig/tf2_demo_cpp.pc'
[17.071s] Level 1:colcon.colcon_core.environment:checking '/home/rajasbhatnagar/projects/warehouse_amr_ros2/ros2_ws/install/tf2_demo_cpp/lib/python3.10/site-packages'
[17.072s] Level 1:colcon.colcon_core.environment:checking '/home/rajasbhatnagar/projects/warehouse_amr_ros2/ros2_ws/install/tf2_demo_cpp/bin'
[17.072s] INFO:colcon.colcon_core.shell:Creating package script '/home/rajasbhatnagar/projects/warehouse_amr_ros2/ros2_ws/install/tf2_demo_cpp/share/tf2_demo_cpp/package.ps1'
[17.072s] INFO:colcon.colcon_core.shell:Creating package descriptor '/home/rajasbhatnagar/projects/warehouse_amr_ros2/ros2_ws/install/tf2_demo_cpp/share/tf2_demo_cpp/package.dsv'
[17.073s] INFO:colcon.colcon_core.shell:Creating package script '/home/rajasbhatnagar/projects/warehouse_amr_ros2/ros2_ws/install/tf2_demo_cpp/share/tf2_demo_cpp/package.sh'
[17.073s] INFO:colcon.colcon_core.shell:Creating package script '/home/rajasbhatnagar/projects/warehouse_amr_ros2/ros2_ws/install/tf2_demo_cpp/share/tf2_demo_cpp/package.bash'
[17.074s] INFO:colcon.colcon_core.shell:Creating package script '/home/rajasbhatnagar/projects/warehouse_amr_ros2/ros2_ws/install/tf2_demo_cpp/share/tf2_demo_cpp/package.zsh'
[17.074s] Level 1:colcon.colcon_core.environment:create_file_with_runtime_dependencies(/home/rajasbhatnagar/projects/warehouse_amr_ros2/ros2_ws/install/tf2_demo_cpp/share/colcon-core/packages/tf2_demo_cpp)
[17.075s] DEBUG:colcon.colcon_parallel_executor.executor.parallel:closing loop
[17.075s] DEBUG:colcon.colcon_parallel_executor.executor.parallel:loop closed
[17.076s] DEBUG:colcon.colcon_parallel_executor.executor.parallel:run_until_complete finished with '0'
[17.076s] DEBUG:colcon.colcon_core.event_reactor:joining thread
[17.195s] INFO:colcon.colcon_core.plugin_system:Skipping extension 'colcon_notification.desktop_notification.notify_send': Could not find 'notify-send'
[17.195s] INFO:colcon.colcon_core.plugin_system:Skipping extension 'colcon_notification.desktop_notification.terminal_notifier': Not used on non-Darwin systems
[17.196s] INFO:colcon.colcon_core.plugin_system:Skipping extension 'colcon_notification.desktop_notification.win32': Not used on non-Windows systems
[17.196s] INFO:colcon.colcon_notification.desktop_notification:Sending desktop notification using 'notify2'
[17.196s] DEBUG:colcon.colcon_notification.desktop_notification.notify2:Failed to initialize notify2: org.freedesktop.DBus.Error.FileNotFound: Failed to connect to socket /run/user/1000/bus: No such file or directory
[17.196s] DEBUG:colcon.colcon_core.event_reactor:joined thread
[17.196s] INFO:colcon.colcon_core.shell:Creating prefix script '/home/rajasbhatnagar/projects/warehouse_amr_ros2/ros2_ws/install/local_setup.ps1'
[17.197s] INFO:colcon.colcon_core.shell:Creating prefix util module '/home/rajasbhatnagar/projects/warehouse_amr_ros2/ros2_ws/install/_local_setup_util_ps1.py'
[17.198s] INFO:colcon.colcon_core.shell:Creating prefix chain script '/home/rajasbhatnagar/projects/warehouse_amr_ros2/ros2_ws/install/setup.ps1'
[17.199s] INFO:colcon.colcon_core.shell:Creating prefix script '/home/rajasbhatnagar/projects/warehouse_amr_ros2/ros2_ws/install/local_setup.sh'
[17.200s] INFO:colcon.colcon_core.shell:Creating prefix util module '/home/rajasbhatnagar/projects/warehouse_amr_ros2/ros2_ws/install/_local_setup_util_sh.py'
[17.201s] INFO:colcon.colcon_core.shell:Creating prefix chain script '/home/rajasbhatnagar/projects/warehouse_amr_ros2/ros2_ws/install/setup.sh'
[17.203s] INFO:colcon.colcon_core.shell:Creating prefix script '/home/rajasbhatnagar/projects/warehouse_amr_ros2/ros2_ws/install/local_setup.bash'
[17.204s] INFO:colcon.colcon_core.shell:Creating prefix chain script '/home/rajasbhatnagar/projects/warehouse_amr_ros2/ros2_ws/install/setup.bash'
[17.205s] INFO:colcon.colcon_core.shell:Creating prefix script '/home/rajasbhatnagar/projects/warehouse_amr_ros2/ros2_ws/install/local_setup.zsh'
[17.206s] INFO:colcon.colcon_core.shell:Creating prefix chain script '/home/rajasbhatnagar/projects/warehouse_amr_ros2/ros2_ws/install/setup.zsh'
